2023-10-03 19:36:11 TRACE   lesson30.log4j.TestForLogger - Trace logging level
2023-10-03 19:43:03 TRACE   lesson30.log4j.TestForLogger - Trace logging level
2023-10-03 20:10:32 DEBUG   io.netty.util.internal.logging.InternalLoggerFactory - Using Log4J2 as the default logging framework
2023-10-03 20:10:32 DEBUG   io.netty.util.ResourceLeakDetector - -Dio.netty.leakDetection.level: simple
2023-10-03 20:10:32 DEBUG   io.netty.util.ResourceLeakDetector - -Dio.netty.leakDetection.targetRecords: 4
2023-10-03 20:10:32 DEBUG   io.netty.util.ResourceLeakDetectorFactory - Loaded default ResourceLeakDetector: io.netty.util.ResourceLeakDetector@66971f6b
2023-10-03 20:10:32 DEBUG   io.netty.util.internal.PlatformDependent0 - -Dio.netty.noUnsafe: false
2023-10-03 20:10:32 DEBUG   io.netty.util.internal.PlatformDependent0 - Java version: 18
2023-10-03 20:10:32 DEBUG   io.netty.util.internal.PlatformDependent0 - sun.misc.Unsafe.theUnsafe: available
2023-10-03 20:10:32 DEBUG   io.netty.util.internal.PlatformDependent0 - sun.misc.Unsafe.copyMemory: available
2023-10-03 20:10:32 DEBUG   io.netty.util.internal.PlatformDependent0 - sun.misc.Unsafe.storeFence: available
2023-10-03 20:10:32 DEBUG   io.netty.util.internal.PlatformDependent0 - java.nio.Buffer.address: available
2023-10-03 20:10:32 DEBUG   io.netty.util.internal.PlatformDependent0 - direct buffer constructor: unavailable
java.lang.UnsupportedOperationException: Reflective setAccessible(true) disabled
	at io.netty.util.internal.ReflectionUtil.trySetAccessible(ReflectionUtil.java:31) ~[netty-common-4.1.92.Final.jar:4.1.92.Final]
	at io.netty.util.internal.PlatformDependent0$5.run(PlatformDependent0.java:288) ~[netty-common-4.1.92.Final.jar:4.1.92.Final]
	at java.security.AccessController.doPrivileged(AccessController.java:318) ~[?:?]
	at io.netty.util.internal.PlatformDependent0.<clinit>(PlatformDependent0.java:282) ~[netty-common-4.1.92.Final.jar:4.1.92.Final]
	at io.netty.util.internal.PlatformDependent.isAndroid(PlatformDependent.java:333) ~[netty-common-4.1.92.Final.jar:4.1.92.Final]
	at io.netty.util.internal.PlatformDependent.<clinit>(PlatformDependent.java:88) ~[netty-common-4.1.92.Final.jar:4.1.92.Final]
	at io.netty.util.HashedWheelTimer.<init>(HashedWheelTimer.java:114) ~[netty-common-4.1.92.Final.jar:4.1.92.Final]
	at io.netty.util.HashedWheelTimer.<init>(HashedWheelTimer.java:251) ~[netty-common-4.1.92.Final.jar:4.1.92.Final]
	at io.netty.util.HashedWheelTimer.<init>(HashedWheelTimer.java:224) ~[netty-common-4.1.92.Final.jar:4.1.92.Final]
	at io.netty.util.HashedWheelTimer.<init>(HashedWheelTimer.java:203) ~[netty-common-4.1.92.Final.jar:4.1.92.Final]
	at org.asynchttpclient.DefaultAsyncHttpClient.newNettyTimer(DefaultAsyncHttpClient.java:111) ~[async-http-client-2.12.3.jar:?]
	at org.asynchttpclient.DefaultAsyncHttpClient.<init>(DefaultAsyncHttpClient.java:90) ~[async-http-client-2.12.3.jar:?]
	at org.asynchttpclient.Dsl.asyncHttpClient(Dsl.java:32) ~[async-http-client-2.12.3.jar:?]
	at org.openqa.selenium.remote.http.netty.NettyClient.createHttpClient(NettyClient.java:91) ~[selenium-remote-driver-4.11.0.jar:?]
	at org.openqa.selenium.remote.http.netty.NettyClient.<clinit>(NettyClient.java:43) ~[selenium-remote-driver-4.11.0.jar:?]
	at org.openqa.selenium.remote.http.netty.NettyClient$Factory.createClient(NettyClient.java:124) ~[selenium-remote-driver-4.11.0.jar:?]
	at com.codeborne.selenide.webdriver.SelenideNettyClientFactory.createClient(SelenideNettyClientFactory.java:30) ~[selenide-core-6.18.0.jar:6.18.0]
	at org.openqa.selenium.remote.HttpCommandExecutor.<init>(HttpCommandExecutor.java:115) ~[selenium-remote-driver-4.11.0.jar:?]
	at org.openqa.selenium.remote.HttpCommandExecutor.<init>(HttpCommandExecutor.java:92) ~[selenium-remote-driver-4.11.0.jar:?]
	at org.openqa.selenium.remote.service.DriverCommandExecutor.<init>(DriverCommandExecutor.java:89) ~[selenium-remote-driver-4.11.0.jar:?]
	at org.openqa.selenium.chromium.ChromiumDriverCommandExecutor.<init>(ChromiumDriverCommandExecutor.java:43) ~[selenium-chromium-driver-4.11.0.jar:?]
	at org.openqa.selenium.chrome.ChromeDriver$ChromeDriverCommandExecutor.<init>(ChromeDriver.java:115) ~[selenium-chrome-driver-4.11.0.jar:?]
	at org.openqa.selenium.chrome.ChromeDriver.generateExecutor(ChromeDriver.java:105) ~[selenium-chrome-driver-4.11.0.jar:?]
	at org.openqa.selenium.chrome.ChromeDriver.<init>(ChromeDriver.java:88) ~[selenium-chrome-driver-4.11.0.jar:?]
	at org.openqa.selenium.chrome.ChromeDriver.<init>(ChromeDriver.java:83) ~[selenium-chrome-driver-4.11.0.jar:?]
	at com.codeborne.selenide.webdriver.ChromeDriverFactory.create(ChromeDriverFactory.java:34) ~[selenide-core-6.18.0.jar:6.18.0]
	at com.codeborne.selenide.webdriver.WebDriverFactory.createWebDriverInstance(WebDriverFactory.java:120) ~[selenide-core-6.18.0.jar:6.18.0]
	at com.codeborne.selenide.webdriver.WebDriverFactory.createWebDriver(WebDriverFactory.java:67) ~[selenide-core-6.18.0.jar:6.18.0]
	at com.codeborne.selenide.drivercommands.CreateDriverCommand.lambda$createDriver$0(CreateDriverCommand.java:76) ~[selenide-core-6.18.0.jar:6.18.0]
	at com.codeborne.selenide.logevents.SelenideLogger.wrap(SelenideLogger.java:133) ~[selenide-core-6.18.0.jar:6.18.0]
	at com.codeborne.selenide.logevents.SelenideLogger.get(SelenideLogger.java:113) ~[selenide-core-6.18.0.jar:6.18.0]
	at com.codeborne.selenide.drivercommands.CreateDriverCommand.createDriver(CreateDriverCommand.java:52) ~[selenide-core-6.18.0.jar:6.18.0]
	at com.codeborne.selenide.impl.WebDriverThreadLocalContainer.createDriver(WebDriverThreadLocalContainer.java:205) ~[selenide-6.18.0.jar:6.18.0]
	at com.codeborne.selenide.impl.WebDriverThreadLocalContainer.createAndRegisterDriver(WebDriverThreadLocalContainer.java:190) ~[selenide-6.18.0.jar:6.18.0]
	at com.codeborne.selenide.impl.WebDriverThreadLocalContainer.getAndCheckWebDriver(WebDriverThreadLocalContainer.java:152) ~[selenide-6.18.0.jar:6.18.0]
	at com.codeborne.selenide.WebDriverRunner.getAndCheckWebDriver(WebDriverRunner.java:130) ~[selenide-6.18.0.jar:6.18.0]
	at com.codeborne.selenide.impl.StaticDriver.getAndCheckWebDriver(StaticDriver.java:65) ~[selenide-6.18.0.jar:6.18.0]
	at com.codeborne.selenide.SelenideDriver.getAndCheckWebDriver(SelenideDriver.java:223) ~[selenide-core-6.18.0.jar:6.18.0]
	at com.codeborne.selenide.drivercommands.Navigator.lambda$navigateTo$0(Navigator.java:71) ~[selenide-core-6.18.0.jar:6.18.0]
	at com.codeborne.selenide.logevents.SelenideLogger.lambda$run$0(SelenideLogger.java:105) ~[selenide-core-6.18.0.jar:6.18.0]
	at com.codeborne.selenide.logevents.SelenideLogger.wrap(SelenideLogger.java:133) ~[selenide-core-6.18.0.jar:6.18.0]
	at com.codeborne.selenide.logevents.SelenideLogger.run(SelenideLogger.java:104) ~[selenide-core-6.18.0.jar:6.18.0]
	at com.codeborne.selenide.drivercommands.Navigator.navigateTo(Navigator.java:69) ~[selenide-core-6.18.0.jar:6.18.0]
	at com.codeborne.selenide.drivercommands.Navigator.open(Navigator.java:32) ~[selenide-core-6.18.0.jar:6.18.0]
	at com.codeborne.selenide.SelenideDriver.open(SelenideDriver.java:102) ~[selenide-core-6.18.0.jar:6.18.0]
	at com.codeborne.selenide.Selenide.open(Selenide.java:53) ~[selenide-6.18.0.jar:6.18.0]
	at lesson30.log4j.ashot.VisualRegressionTest.screenShot(VisualRegressionTest.java:18) ~[test-classes/:?]
	at jdk.internal.reflect.DirectMethodHandleAccessor.invoke(DirectMethodHandleAccessor.java:104) ~[?:?]
	at java.lang.reflect.Method.invoke(Method.java:577) ~[?:?]
	at org.testng.internal.invokers.MethodInvocationHelper.invokeMethod(MethodInvocationHelper.java:135) ~[testng-7.5.jar:7.5]
	at org.testng.internal.invokers.TestInvoker.invokeMethod(TestInvoker.java:673) ~[testng-7.5.jar:7.5]
	at org.testng.internal.invokers.TestInvoker.invokeTestMethod(TestInvoker.java:220) ~[testng-7.5.jar:7.5]
	at org.testng.internal.invokers.MethodRunner.runInSequence(MethodRunner.java:50) ~[testng-7.5.jar:7.5]
	at org.testng.internal.invokers.TestInvoker$MethodInvocationAgent.invoke(TestInvoker.java:945) ~[testng-7.5.jar:7.5]
	at org.testng.internal.invokers.TestInvoker.invokeTestMethods(TestInvoker.java:193) ~[testng-7.5.jar:7.5]
	at org.testng.internal.invokers.TestMethodWorker.invokeTestMethods(TestMethodWorker.java:146) ~[testng-7.5.jar:7.5]
	at org.testng.internal.invokers.TestMethodWorker.run(TestMethodWorker.java:128) ~[testng-7.5.jar:7.5]
	at java.util.ArrayList.forEach(ArrayList.java:1511) [?:?]
	at org.testng.TestRunner.privateRun(TestRunner.java:808) [testng-7.5.jar:7.5]
	at org.testng.TestRunner.run(TestRunner.java:603) [testng-7.5.jar:7.5]
	at org.testng.SuiteRunner.runTest(SuiteRunner.java:429) [testng-7.5.jar:7.5]
	at org.testng.SuiteRunner.runSequentially(SuiteRunner.java:423) [testng-7.5.jar:7.5]
	at org.testng.SuiteRunner.privateRun(SuiteRunner.java:383) [testng-7.5.jar:7.5]
	at org.testng.SuiteRunner.run(SuiteRunner.java:326) [testng-7.5.jar:7.5]
	at org.testng.SuiteRunnerWorker.runSuite(SuiteRunnerWorker.java:52) [testng-7.5.jar:7.5]
	at org.testng.SuiteRunnerWorker.run(SuiteRunnerWorker.java:95) [testng-7.5.jar:7.5]
	at org.testng.TestNG.runSuitesSequentially(TestNG.java:1249) [testng-7.5.jar:7.5]
	at org.testng.TestNG.runSuitesLocally(TestNG.java:1169) [testng-7.5.jar:7.5]
	at org.testng.TestNG.runSuites(TestNG.java:1092) [testng-7.5.jar:7.5]
	at org.testng.TestNG.run(TestNG.java:1060) [testng-7.5.jar:7.5]
	at com.intellij.rt.testng.IDEARemoteTestNG.run(IDEARemoteTestNG.java:66) [testng-rt.jar:?]
	at com.intellij.rt.testng.RemoteTestNGStarter.main(RemoteTestNGStarter.java:105) [testng-rt.jar:?]
2023-10-03 20:10:32 DEBUG   io.netty.util.internal.PlatformDependent0 - java.nio.Bits.unaligned: available, true
2023-10-03 20:10:32 DEBUG   io.netty.util.internal.PlatformDependent0 - jdk.internal.misc.Unsafe.allocateUninitializedArray(int): unavailable
java.lang.IllegalAccessException: class io.netty.util.internal.PlatformDependent0$7 cannot access class jdk.internal.misc.Unsafe (in module java.base) because module java.base does not export jdk.internal.misc to unnamed module @5315b42e
	at jdk.internal.reflect.Reflection.newIllegalAccessException(Reflection.java:394) ~[?:?]
	at java.lang.reflect.AccessibleObject.checkAccess(AccessibleObject.java:674) ~[?:?]
	at java.lang.reflect.Method.invoke(Method.java:568) ~[?:?]
	at io.netty.util.internal.PlatformDependent0$7.run(PlatformDependent0.java:410) ~[netty-common-4.1.92.Final.jar:4.1.92.Final]
	at java.security.AccessController.doPrivileged(AccessController.java:318) ~[?:?]
	at io.netty.util.internal.PlatformDependent0.<clinit>(PlatformDependent0.java:401) ~[netty-common-4.1.92.Final.jar:4.1.92.Final]
	at io.netty.util.internal.PlatformDependent.isAndroid(PlatformDependent.java:333) ~[netty-common-4.1.92.Final.jar:4.1.92.Final]
	at io.netty.util.internal.PlatformDependent.<clinit>(PlatformDependent.java:88) ~[netty-common-4.1.92.Final.jar:4.1.92.Final]
	at io.netty.util.HashedWheelTimer.<init>(HashedWheelTimer.java:114) ~[netty-common-4.1.92.Final.jar:4.1.92.Final]
	at io.netty.util.HashedWheelTimer.<init>(HashedWheelTimer.java:251) ~[netty-common-4.1.92.Final.jar:4.1.92.Final]
	at io.netty.util.HashedWheelTimer.<init>(HashedWheelTimer.java:224) ~[netty-common-4.1.92.Final.jar:4.1.92.Final]
	at io.netty.util.HashedWheelTimer.<init>(HashedWheelTimer.java:203) ~[netty-common-4.1.92.Final.jar:4.1.92.Final]
	at org.asynchttpclient.DefaultAsyncHttpClient.newNettyTimer(DefaultAsyncHttpClient.java:111) ~[async-http-client-2.12.3.jar:?]
	at org.asynchttpclient.DefaultAsyncHttpClient.<init>(DefaultAsyncHttpClient.java:90) ~[async-http-client-2.12.3.jar:?]
	at org.asynchttpclient.Dsl.asyncHttpClient(Dsl.java:32) ~[async-http-client-2.12.3.jar:?]
	at org.openqa.selenium.remote.http.netty.NettyClient.createHttpClient(NettyClient.java:91) ~[selenium-remote-driver-4.11.0.jar:?]
	at org.openqa.selenium.remote.http.netty.NettyClient.<clinit>(NettyClient.java:43) ~[selenium-remote-driver-4.11.0.jar:?]
	at org.openqa.selenium.remote.http.netty.NettyClient$Factory.createClient(NettyClient.java:124) ~[selenium-remote-driver-4.11.0.jar:?]
	at com.codeborne.selenide.webdriver.SelenideNettyClientFactory.createClient(SelenideNettyClientFactory.java:30) ~[selenide-core-6.18.0.jar:6.18.0]
	at org.openqa.selenium.remote.HttpCommandExecutor.<init>(HttpCommandExecutor.java:115) ~[selenium-remote-driver-4.11.0.jar:?]
	at org.openqa.selenium.remote.HttpCommandExecutor.<init>(HttpCommandExecutor.java:92) ~[selenium-remote-driver-4.11.0.jar:?]
	at org.openqa.selenium.remote.service.DriverCommandExecutor.<init>(DriverCommandExecutor.java:89) ~[selenium-remote-driver-4.11.0.jar:?]
	at org.openqa.selenium.chromium.ChromiumDriverCommandExecutor.<init>(ChromiumDriverCommandExecutor.java:43) ~[selenium-chromium-driver-4.11.0.jar:?]
	at org.openqa.selenium.chrome.ChromeDriver$ChromeDriverCommandExecutor.<init>(ChromeDriver.java:115) ~[selenium-chrome-driver-4.11.0.jar:?]
	at org.openqa.selenium.chrome.ChromeDriver.generateExecutor(ChromeDriver.java:105) ~[selenium-chrome-driver-4.11.0.jar:?]
	at org.openqa.selenium.chrome.ChromeDriver.<init>(ChromeDriver.java:88) ~[selenium-chrome-driver-4.11.0.jar:?]
	at org.openqa.selenium.chrome.ChromeDriver.<init>(ChromeDriver.java:83) ~[selenium-chrome-driver-4.11.0.jar:?]
	at com.codeborne.selenide.webdriver.ChromeDriverFactory.create(ChromeDriverFactory.java:34) ~[selenide-core-6.18.0.jar:6.18.0]
	at com.codeborne.selenide.webdriver.WebDriverFactory.createWebDriverInstance(WebDriverFactory.java:120) ~[selenide-core-6.18.0.jar:6.18.0]
	at com.codeborne.selenide.webdriver.WebDriverFactory.createWebDriver(WebDriverFactory.java:67) ~[selenide-core-6.18.0.jar:6.18.0]
	at com.codeborne.selenide.drivercommands.CreateDriverCommand.lambda$createDriver$0(CreateDriverCommand.java:76) ~[selenide-core-6.18.0.jar:6.18.0]
	at com.codeborne.selenide.logevents.SelenideLogger.wrap(SelenideLogger.java:133) ~[selenide-core-6.18.0.jar:6.18.0]
	at com.codeborne.selenide.logevents.SelenideLogger.get(SelenideLogger.java:113) ~[selenide-core-6.18.0.jar:6.18.0]
	at com.codeborne.selenide.drivercommands.CreateDriverCommand.createDriver(CreateDriverCommand.java:52) ~[selenide-core-6.18.0.jar:6.18.0]
	at com.codeborne.selenide.impl.WebDriverThreadLocalContainer.createDriver(WebDriverThreadLocalContainer.java:205) ~[selenide-6.18.0.jar:6.18.0]
	at com.codeborne.selenide.impl.WebDriverThreadLocalContainer.createAndRegisterDriver(WebDriverThreadLocalContainer.java:190) ~[selenide-6.18.0.jar:6.18.0]
	at com.codeborne.selenide.impl.WebDriverThreadLocalContainer.getAndCheckWebDriver(WebDriverThreadLocalContainer.java:152) ~[selenide-6.18.0.jar:6.18.0]
	at com.codeborne.selenide.WebDriverRunner.getAndCheckWebDriver(WebDriverRunner.java:130) ~[selenide-6.18.0.jar:6.18.0]
	at com.codeborne.selenide.impl.StaticDriver.getAndCheckWebDriver(StaticDriver.java:65) ~[selenide-6.18.0.jar:6.18.0]
	at com.codeborne.selenide.SelenideDriver.getAndCheckWebDriver(SelenideDriver.java:223) ~[selenide-core-6.18.0.jar:6.18.0]
	at com.codeborne.selenide.drivercommands.Navigator.lambda$navigateTo$0(Navigator.java:71) ~[selenide-core-6.18.0.jar:6.18.0]
	at com.codeborne.selenide.logevents.SelenideLogger.lambda$run$0(SelenideLogger.java:105) ~[selenide-core-6.18.0.jar:6.18.0]
	at com.codeborne.selenide.logevents.SelenideLogger.wrap(SelenideLogger.java:133) ~[selenide-core-6.18.0.jar:6.18.0]
	at com.codeborne.selenide.logevents.SelenideLogger.run(SelenideLogger.java:104) ~[selenide-core-6.18.0.jar:6.18.0]
	at com.codeborne.selenide.drivercommands.Navigator.navigateTo(Navigator.java:69) ~[selenide-core-6.18.0.jar:6.18.0]
	at com.codeborne.selenide.drivercommands.Navigator.open(Navigator.java:32) ~[selenide-core-6.18.0.jar:6.18.0]
	at com.codeborne.selenide.SelenideDriver.open(SelenideDriver.java:102) ~[selenide-core-6.18.0.jar:6.18.0]
	at com.codeborne.selenide.Selenide.open(Selenide.java:53) ~[selenide-6.18.0.jar:6.18.0]
	at lesson30.log4j.ashot.VisualRegressionTest.screenShot(VisualRegressionTest.java:18) ~[test-classes/:?]
	at jdk.internal.reflect.DirectMethodHandleAccessor.invoke(DirectMethodHandleAccessor.java:104) ~[?:?]
	at java.lang.reflect.Method.invoke(Method.java:577) ~[?:?]
	at org.testng.internal.invokers.MethodInvocationHelper.invokeMethod(MethodInvocationHelper.java:135) ~[testng-7.5.jar:7.5]
	at org.testng.internal.invokers.TestInvoker.invokeMethod(TestInvoker.java:673) ~[testng-7.5.jar:7.5]
	at org.testng.internal.invokers.TestInvoker.invokeTestMethod(TestInvoker.java:220) ~[testng-7.5.jar:7.5]
	at org.testng.internal.invokers.MethodRunner.runInSequence(MethodRunner.java:50) ~[testng-7.5.jar:7.5]
	at org.testng.internal.invokers.TestInvoker$MethodInvocationAgent.invoke(TestInvoker.java:945) ~[testng-7.5.jar:7.5]
	at org.testng.internal.invokers.TestInvoker.invokeTestMethods(TestInvoker.java:193) ~[testng-7.5.jar:7.5]
	at org.testng.internal.invokers.TestMethodWorker.invokeTestMethods(TestMethodWorker.java:146) ~[testng-7.5.jar:7.5]
	at org.testng.internal.invokers.TestMethodWorker.run(TestMethodWorker.java:128) ~[testng-7.5.jar:7.5]
	at java.util.ArrayList.forEach(ArrayList.java:1511) [?:?]
	at org.testng.TestRunner.privateRun(TestRunner.java:808) [testng-7.5.jar:7.5]
	at org.testng.TestRunner.run(TestRunner.java:603) [testng-7.5.jar:7.5]
	at org.testng.SuiteRunner.runTest(SuiteRunner.java:429) [testng-7.5.jar:7.5]
	at org.testng.SuiteRunner.runSequentially(SuiteRunner.java:423) [testng-7.5.jar:7.5]
	at org.testng.SuiteRunner.privateRun(SuiteRunner.java:383) [testng-7.5.jar:7.5]
	at org.testng.SuiteRunner.run(SuiteRunner.java:326) [testng-7.5.jar:7.5]
	at org.testng.SuiteRunnerWorker.runSuite(SuiteRunnerWorker.java:52) [testng-7.5.jar:7.5]
	at org.testng.SuiteRunnerWorker.run(SuiteRunnerWorker.java:95) [testng-7.5.jar:7.5]
	at org.testng.TestNG.runSuitesSequentially(TestNG.java:1249) [testng-7.5.jar:7.5]
	at org.testng.TestNG.runSuitesLocally(TestNG.java:1169) [testng-7.5.jar:7.5]
	at org.testng.TestNG.runSuites(TestNG.java:1092) [testng-7.5.jar:7.5]
	at org.testng.TestNG.run(TestNG.java:1060) [testng-7.5.jar:7.5]
	at com.intellij.rt.testng.IDEARemoteTestNG.run(IDEARemoteTestNG.java:66) [testng-rt.jar:?]
	at com.intellij.rt.testng.RemoteTestNGStarter.main(RemoteTestNGStarter.java:105) [testng-rt.jar:?]
2023-10-03 20:10:32 DEBUG   io.netty.util.internal.PlatformDependent0 - java.nio.DirectByteBuffer.<init>(long, int): unavailable
2023-10-03 20:10:32 DEBUG   io.netty.util.internal.PlatformDependent - sun.misc.Unsafe: available
2023-10-03 20:10:32 DEBUG   io.netty.util.internal.PlatformDependent - maxDirectMemory: 4125097984 bytes (maybe)
2023-10-03 20:10:32 DEBUG   io.netty.util.internal.PlatformDependent - -Dio.netty.tmpdir: C:\Users\QA-DMY~1\AppData\Local\Temp (java.io.tmpdir)
2023-10-03 20:10:32 DEBUG   io.netty.util.internal.PlatformDependent - -Dio.netty.bitMode: 64 (sun.arch.data.model)
2023-10-03 20:10:32 DEBUG   io.netty.util.internal.PlatformDependent - Platform: Windows
2023-10-03 20:10:32 DEBUG   io.netty.util.internal.PlatformDependent - -Dio.netty.maxDirectMemory: -1 bytes
2023-10-03 20:10:32 DEBUG   io.netty.util.internal.PlatformDependent - -Dio.netty.uninitializedArrayAllocationThreshold: -1
2023-10-03 20:10:32 DEBUG   io.netty.util.internal.CleanerJava9 - java.nio.ByteBuffer.cleaner(): available
2023-10-03 20:10:32 DEBUG   io.netty.util.internal.PlatformDependent - -Dio.netty.noPreferDirect: false
2023-10-03 20:10:32 DEBUG   io.netty.util.internal.PlatformDependent - org.jctools-core.MpscChunkedArrayQueue: available
2023-10-03 20:10:32 DEBUG   io.netty.util.internal.InternalThreadLocalMap - -Dio.netty.threadLocalMap.stringBuilder.initialSize: 1024
2023-10-03 20:10:32 DEBUG   io.netty.util.internal.InternalThreadLocalMap - -Dio.netty.threadLocalMap.stringBuilder.maxSize: 4096
2023-10-03 20:10:32 DEBUG   io.netty.handler.ssl.JdkSslContext - Default protocols (JDK): [TLSv1.3, TLSv1.2] 
2023-10-03 20:10:32 DEBUG   io.netty.handler.ssl.JdkSslContext - Default cipher suites (JDK): [TLS_ECDHE_ECDSA_WITH_AES_256_GCM_SHA384, TLS_ECDHE_ECDSA_WITH_AES_128_GCM_SHA256, TLS_ECDHE_RSA_WITH_AES_128_GCM_SHA256, TLS_ECDHE_RSA_WITH_AES_256_GCM_SHA384, TLS_ECDHE_RSA_WITH_AES_128_CBC_SHA, TLS_ECDHE_RSA_WITH_AES_256_CBC_SHA, TLS_RSA_WITH_AES_128_GCM_SHA256, TLS_RSA_WITH_AES_128_CBC_SHA, TLS_RSA_WITH_AES_256_CBC_SHA, TLS_AES_128_GCM_SHA256, TLS_AES_256_GCM_SHA384]
2023-10-03 20:10:32 DEBUG   io.netty.util.concurrent.GlobalEventExecutor - -Dio.netty.globalEventExecutor.quietPeriodSeconds: 1
2023-10-03 20:10:32 DEBUG   io.netty.channel.MultithreadEventLoopGroup - -Dio.netty.eventLoopThreads: 12
2023-10-03 20:10:32 DEBUG   io.netty.channel.nio.NioEventLoop - -Dio.netty.noKeySetOptimization: false
2023-10-03 20:10:32 DEBUG   io.netty.channel.nio.NioEventLoop - -Dio.netty.selectorAutoRebuildThreshold: 512
2023-10-03 20:10:32 TRACE   io.netty.channel.nio.NioEventLoop - instrumented a special java.util.Set into: sun.nio.ch.WEPollSelectorImpl@667e34b1
2023-10-03 20:10:32 TRACE   io.netty.channel.nio.NioEventLoop - instrumented a special java.util.Set into: sun.nio.ch.WEPollSelectorImpl@7af1cd63
2023-10-03 20:10:32 TRACE   io.netty.channel.nio.NioEventLoop - instrumented a special java.util.Set into: sun.nio.ch.WEPollSelectorImpl@4351171a
2023-10-03 20:10:32 TRACE   io.netty.channel.nio.NioEventLoop - instrumented a special java.util.Set into: sun.nio.ch.WEPollSelectorImpl@3c2772d1
2023-10-03 20:10:32 TRACE   io.netty.channel.nio.NioEventLoop - instrumented a special java.util.Set into: sun.nio.ch.WEPollSelectorImpl@37d00a23
2023-10-03 20:10:32 TRACE   io.netty.channel.nio.NioEventLoop - instrumented a special java.util.Set into: sun.nio.ch.WEPollSelectorImpl@433e536f
2023-10-03 20:10:32 TRACE   io.netty.channel.nio.NioEventLoop - instrumented a special java.util.Set into: sun.nio.ch.WEPollSelectorImpl@89c65d5
2023-10-03 20:10:32 TRACE   io.netty.channel.nio.NioEventLoop - instrumented a special java.util.Set into: sun.nio.ch.WEPollSelectorImpl@faa3fed
2023-10-03 20:10:32 TRACE   io.netty.channel.nio.NioEventLoop - instrumented a special java.util.Set into: sun.nio.ch.WEPollSelectorImpl@381cad29
2023-10-03 20:10:32 TRACE   io.netty.channel.nio.NioEventLoop - instrumented a special java.util.Set into: sun.nio.ch.WEPollSelectorImpl@988246e
2023-10-03 20:10:32 TRACE   io.netty.channel.nio.NioEventLoop - instrumented a special java.util.Set into: sun.nio.ch.WEPollSelectorImpl@62515a47
2023-10-03 20:10:32 TRACE   io.netty.channel.nio.NioEventLoop - instrumented a special java.util.Set into: sun.nio.ch.WEPollSelectorImpl@3c5a54b7
2023-10-03 20:10:32 DEBUG   io.netty.buffer.PooledByteBufAllocator - -Dio.netty.allocator.numHeapArenas: 12
2023-10-03 20:10:32 DEBUG   io.netty.buffer.PooledByteBufAllocator - -Dio.netty.allocator.numDirectArenas: 12
2023-10-03 20:10:32 DEBUG   io.netty.buffer.PooledByteBufAllocator - -Dio.netty.allocator.pageSize: 8192
2023-10-03 20:10:32 DEBUG   io.netty.buffer.PooledByteBufAllocator - -Dio.netty.allocator.maxOrder: 9
2023-10-03 20:10:32 DEBUG   io.netty.buffer.PooledByteBufAllocator - -Dio.netty.allocator.chunkSize: 4194304
2023-10-03 20:10:32 DEBUG   io.netty.buffer.PooledByteBufAllocator - -Dio.netty.allocator.smallCacheSize: 256
2023-10-03 20:10:32 DEBUG   io.netty.buffer.PooledByteBufAllocator - -Dio.netty.allocator.normalCacheSize: 64
2023-10-03 20:10:32 DEBUG   io.netty.buffer.PooledByteBufAllocator - -Dio.netty.allocator.maxCachedBufferCapacity: 32768
2023-10-03 20:10:32 DEBUG   io.netty.buffer.PooledByteBufAllocator - -Dio.netty.allocator.cacheTrimInterval: 8192
2023-10-03 20:10:32 DEBUG   io.netty.buffer.PooledByteBufAllocator - -Dio.netty.allocator.cacheTrimIntervalMillis: 0
2023-10-03 20:10:32 DEBUG   io.netty.buffer.PooledByteBufAllocator - -Dio.netty.allocator.useCacheForAllThreads: false
2023-10-03 20:10:32 DEBUG   io.netty.buffer.PooledByteBufAllocator - -Dio.netty.allocator.maxCachedByteBuffersPerChunk: 1023
2023-10-03 20:10:32 DEBUG   io.netty.buffer.ByteBufUtil - -Dio.netty.allocator.type: pooled
2023-10-03 20:10:32 DEBUG   io.netty.buffer.ByteBufUtil - -Dio.netty.threadLocalDirectBufferSize: 0
2023-10-03 20:10:32 DEBUG   io.netty.buffer.ByteBufUtil - -Dio.netty.maxThreadLocalCharBufferSize: 16384
2023-10-03 20:10:33 DEBUG   io.netty.channel.DefaultChannelId - -Dio.netty.processId: 14584 (auto-detected)
2023-10-03 20:10:33 DEBUG   io.netty.util.NetUtil - -Djava.net.preferIPv4Stack: false
2023-10-03 20:10:33 DEBUG   io.netty.util.NetUtil - -Djava.net.preferIPv6Addresses: false
2023-10-03 20:10:33 DEBUG   io.netty.util.NetUtilInitializations - Loopback interface: lo (Software Loopback Interface 1, 127.0.0.1)
2023-10-03 20:10:33 DEBUG   io.netty.util.NetUtil - Failed to get SOMAXCONN from sysctl and file \proc\sys\net\core\somaxconn. Default: 200
2023-10-03 20:10:33 DEBUG   io.netty.channel.DefaultChannelId - -Dio.netty.machineId: 00:e0:4c:ff:fe:36:41:26 (auto-detected)
2023-10-03 20:10:33 DEBUG   io.netty.buffer.AbstractByteBuf - -Dio.netty.buffer.checkAccessible: true
2023-10-03 20:10:33 DEBUG   io.netty.buffer.AbstractByteBuf - -Dio.netty.buffer.checkBounds: true
2023-10-03 20:10:33 DEBUG   io.netty.util.ResourceLeakDetectorFactory - Loaded default ResourceLeakDetector: io.netty.util.ResourceLeakDetector@4fca5159
2023-10-03 20:10:33 DEBUG   io.netty.util.Recycler - -Dio.netty.recycler.maxCapacityPerThread: 4096
2023-10-03 20:10:33 DEBUG   io.netty.util.Recycler - -Dio.netty.recycler.ratio: 8
2023-10-03 20:10:33 DEBUG   io.netty.util.Recycler - -Dio.netty.recycler.chunkSize: 32
2023-10-03 20:10:33 DEBUG   io.netty.util.Recycler - -Dio.netty.recycler.blocking: false
2023-10-03 20:10:33 DEBUG   io.netty.util.Recycler - -Dio.netty.recycler.batchFastThreadLocalOnly: true
2023-10-03 20:10:33 DEBUG   io.netty.handler.codec.compression.Brotli - brotli4j not in the classpath; Brotli support will be unavailable.
2023-10-03 20:10:34 DEBUG   io.netty.util.internal.ThreadLocalRandom - -Dio.netty.initialSeedUniquifier: 0xab03aaadeafc47cb
2023-10-03 20:11:59 DEBUG   io.netty.util.internal.logging.InternalLoggerFactory - Using Log4J2 as the default logging framework
2023-10-03 20:11:59 DEBUG   io.netty.util.ResourceLeakDetector - -Dio.netty.leakDetection.level: simple
2023-10-03 20:11:59 DEBUG   io.netty.util.ResourceLeakDetector - -Dio.netty.leakDetection.targetRecords: 4
2023-10-03 20:11:59 DEBUG   io.netty.util.ResourceLeakDetectorFactory - Loaded default ResourceLeakDetector: io.netty.util.ResourceLeakDetector@72b16078
2023-10-03 20:11:59 DEBUG   io.netty.util.internal.PlatformDependent0 - -Dio.netty.noUnsafe: false
2023-10-03 20:11:59 DEBUG   io.netty.util.internal.PlatformDependent0 - Java version: 18
2023-10-03 20:11:59 DEBUG   io.netty.util.internal.PlatformDependent0 - sun.misc.Unsafe.theUnsafe: available
2023-10-03 20:11:59 DEBUG   io.netty.util.internal.PlatformDependent0 - sun.misc.Unsafe.copyMemory: available
2023-10-03 20:11:59 DEBUG   io.netty.util.internal.PlatformDependent0 - sun.misc.Unsafe.storeFence: available
2023-10-03 20:11:59 DEBUG   io.netty.util.internal.PlatformDependent0 - java.nio.Buffer.address: available
2023-10-03 20:11:59 DEBUG   io.netty.util.internal.PlatformDependent0 - direct buffer constructor: unavailable
java.lang.UnsupportedOperationException: Reflective setAccessible(true) disabled
	at io.netty.util.internal.ReflectionUtil.trySetAccessible(ReflectionUtil.java:31) ~[netty-common-4.1.92.Final.jar:4.1.92.Final]
	at io.netty.util.internal.PlatformDependent0$5.run(PlatformDependent0.java:288) ~[netty-common-4.1.92.Final.jar:4.1.92.Final]
	at java.security.AccessController.doPrivileged(AccessController.java:318) ~[?:?]
	at io.netty.util.internal.PlatformDependent0.<clinit>(PlatformDependent0.java:282) ~[netty-common-4.1.92.Final.jar:4.1.92.Final]
	at io.netty.util.internal.PlatformDependent.isAndroid(PlatformDependent.java:333) ~[netty-common-4.1.92.Final.jar:4.1.92.Final]
	at io.netty.util.internal.PlatformDependent.<clinit>(PlatformDependent.java:88) ~[netty-common-4.1.92.Final.jar:4.1.92.Final]
	at io.netty.util.HashedWheelTimer.<init>(HashedWheelTimer.java:114) ~[netty-common-4.1.92.Final.jar:4.1.92.Final]
	at io.netty.util.HashedWheelTimer.<init>(HashedWheelTimer.java:251) ~[netty-common-4.1.92.Final.jar:4.1.92.Final]
	at io.netty.util.HashedWheelTimer.<init>(HashedWheelTimer.java:224) ~[netty-common-4.1.92.Final.jar:4.1.92.Final]
	at io.netty.util.HashedWheelTimer.<init>(HashedWheelTimer.java:203) ~[netty-common-4.1.92.Final.jar:4.1.92.Final]
	at org.asynchttpclient.DefaultAsyncHttpClient.newNettyTimer(DefaultAsyncHttpClient.java:111) ~[async-http-client-2.12.3.jar:?]
	at org.asynchttpclient.DefaultAsyncHttpClient.<init>(DefaultAsyncHttpClient.java:90) ~[async-http-client-2.12.3.jar:?]
	at org.asynchttpclient.Dsl.asyncHttpClient(Dsl.java:32) ~[async-http-client-2.12.3.jar:?]
	at org.openqa.selenium.remote.http.netty.NettyClient.createHttpClient(NettyClient.java:91) ~[selenium-remote-driver-4.11.0.jar:?]
	at org.openqa.selenium.remote.http.netty.NettyClient.<clinit>(NettyClient.java:43) ~[selenium-remote-driver-4.11.0.jar:?]
	at org.openqa.selenium.remote.http.netty.NettyClient$Factory.createClient(NettyClient.java:124) ~[selenium-remote-driver-4.11.0.jar:?]
	at com.codeborne.selenide.webdriver.SelenideNettyClientFactory.createClient(SelenideNettyClientFactory.java:30) ~[selenide-core-6.18.0.jar:6.18.0]
	at org.openqa.selenium.remote.HttpCommandExecutor.<init>(HttpCommandExecutor.java:115) ~[selenium-remote-driver-4.11.0.jar:?]
	at org.openqa.selenium.remote.HttpCommandExecutor.<init>(HttpCommandExecutor.java:92) ~[selenium-remote-driver-4.11.0.jar:?]
	at org.openqa.selenium.remote.service.DriverCommandExecutor.<init>(DriverCommandExecutor.java:89) ~[selenium-remote-driver-4.11.0.jar:?]
	at org.openqa.selenium.chromium.ChromiumDriverCommandExecutor.<init>(ChromiumDriverCommandExecutor.java:43) ~[selenium-chromium-driver-4.11.0.jar:?]
	at org.openqa.selenium.chrome.ChromeDriver$ChromeDriverCommandExecutor.<init>(ChromeDriver.java:115) ~[selenium-chrome-driver-4.11.0.jar:?]
	at org.openqa.selenium.chrome.ChromeDriver.generateExecutor(ChromeDriver.java:105) ~[selenium-chrome-driver-4.11.0.jar:?]
	at org.openqa.selenium.chrome.ChromeDriver.<init>(ChromeDriver.java:88) ~[selenium-chrome-driver-4.11.0.jar:?]
	at org.openqa.selenium.chrome.ChromeDriver.<init>(ChromeDriver.java:83) ~[selenium-chrome-driver-4.11.0.jar:?]
	at com.codeborne.selenide.webdriver.ChromeDriverFactory.create(ChromeDriverFactory.java:34) ~[selenide-core-6.18.0.jar:6.18.0]
	at com.codeborne.selenide.webdriver.WebDriverFactory.createWebDriverInstance(WebDriverFactory.java:120) ~[selenide-core-6.18.0.jar:6.18.0]
	at com.codeborne.selenide.webdriver.WebDriverFactory.createWebDriver(WebDriverFactory.java:67) ~[selenide-core-6.18.0.jar:6.18.0]
	at com.codeborne.selenide.drivercommands.CreateDriverCommand.lambda$createDriver$0(CreateDriverCommand.java:76) ~[selenide-core-6.18.0.jar:6.18.0]
	at com.codeborne.selenide.logevents.SelenideLogger.wrap(SelenideLogger.java:133) ~[selenide-core-6.18.0.jar:6.18.0]
	at com.codeborne.selenide.logevents.SelenideLogger.get(SelenideLogger.java:113) ~[selenide-core-6.18.0.jar:6.18.0]
	at com.codeborne.selenide.drivercommands.CreateDriverCommand.createDriver(CreateDriverCommand.java:52) ~[selenide-core-6.18.0.jar:6.18.0]
	at com.codeborne.selenide.impl.WebDriverThreadLocalContainer.createDriver(WebDriverThreadLocalContainer.java:205) ~[selenide-6.18.0.jar:6.18.0]
	at com.codeborne.selenide.impl.WebDriverThreadLocalContainer.createAndRegisterDriver(WebDriverThreadLocalContainer.java:190) ~[selenide-6.18.0.jar:6.18.0]
	at com.codeborne.selenide.impl.WebDriverThreadLocalContainer.getAndCheckWebDriver(WebDriverThreadLocalContainer.java:152) ~[selenide-6.18.0.jar:6.18.0]
	at com.codeborne.selenide.WebDriverRunner.getAndCheckWebDriver(WebDriverRunner.java:130) ~[selenide-6.18.0.jar:6.18.0]
	at com.codeborne.selenide.impl.StaticDriver.getAndCheckWebDriver(StaticDriver.java:65) ~[selenide-6.18.0.jar:6.18.0]
	at com.codeborne.selenide.SelenideDriver.getAndCheckWebDriver(SelenideDriver.java:223) ~[selenide-core-6.18.0.jar:6.18.0]
	at com.codeborne.selenide.drivercommands.Navigator.lambda$navigateTo$0(Navigator.java:71) ~[selenide-core-6.18.0.jar:6.18.0]
	at com.codeborne.selenide.logevents.SelenideLogger.lambda$run$0(SelenideLogger.java:105) ~[selenide-core-6.18.0.jar:6.18.0]
	at com.codeborne.selenide.logevents.SelenideLogger.wrap(SelenideLogger.java:133) ~[selenide-core-6.18.0.jar:6.18.0]
	at com.codeborne.selenide.logevents.SelenideLogger.run(SelenideLogger.java:104) ~[selenide-core-6.18.0.jar:6.18.0]
	at com.codeborne.selenide.drivercommands.Navigator.navigateTo(Navigator.java:69) ~[selenide-core-6.18.0.jar:6.18.0]
	at com.codeborne.selenide.drivercommands.Navigator.open(Navigator.java:32) ~[selenide-core-6.18.0.jar:6.18.0]
	at com.codeborne.selenide.SelenideDriver.open(SelenideDriver.java:102) ~[selenide-core-6.18.0.jar:6.18.0]
	at com.codeborne.selenide.Selenide.open(Selenide.java:53) ~[selenide-6.18.0.jar:6.18.0]
	at lesson30.log4j.ashot.VisualRegressionTest.screenShot(VisualRegressionTest.java:18) ~[test-classes/:?]
	at jdk.internal.reflect.DirectMethodHandleAccessor.invoke(DirectMethodHandleAccessor.java:104) ~[?:?]
	at java.lang.reflect.Method.invoke(Method.java:577) ~[?:?]
	at org.testng.internal.invokers.MethodInvocationHelper.invokeMethod(MethodInvocationHelper.java:135) ~[testng-7.5.jar:7.5]
	at org.testng.internal.invokers.TestInvoker.invokeMethod(TestInvoker.java:673) ~[testng-7.5.jar:7.5]
	at org.testng.internal.invokers.TestInvoker.invokeTestMethod(TestInvoker.java:220) ~[testng-7.5.jar:7.5]
	at org.testng.internal.invokers.MethodRunner.runInSequence(MethodRunner.java:50) ~[testng-7.5.jar:7.5]
	at org.testng.internal.invokers.TestInvoker$MethodInvocationAgent.invoke(TestInvoker.java:945) ~[testng-7.5.jar:7.5]
	at org.testng.internal.invokers.TestInvoker.invokeTestMethods(TestInvoker.java:193) ~[testng-7.5.jar:7.5]
	at org.testng.internal.invokers.TestMethodWorker.invokeTestMethods(TestMethodWorker.java:146) ~[testng-7.5.jar:7.5]
	at org.testng.internal.invokers.TestMethodWorker.run(TestMethodWorker.java:128) ~[testng-7.5.jar:7.5]
	at java.util.ArrayList.forEach(ArrayList.java:1511) [?:?]
	at org.testng.TestRunner.privateRun(TestRunner.java:808) [testng-7.5.jar:7.5]
	at org.testng.TestRunner.run(TestRunner.java:603) [testng-7.5.jar:7.5]
	at org.testng.SuiteRunner.runTest(SuiteRunner.java:429) [testng-7.5.jar:7.5]
	at org.testng.SuiteRunner.runSequentially(SuiteRunner.java:423) [testng-7.5.jar:7.5]
	at org.testng.SuiteRunner.privateRun(SuiteRunner.java:383) [testng-7.5.jar:7.5]
	at org.testng.SuiteRunner.run(SuiteRunner.java:326) [testng-7.5.jar:7.5]
	at org.testng.SuiteRunnerWorker.runSuite(SuiteRunnerWorker.java:52) [testng-7.5.jar:7.5]
	at org.testng.SuiteRunnerWorker.run(SuiteRunnerWorker.java:95) [testng-7.5.jar:7.5]
	at org.testng.TestNG.runSuitesSequentially(TestNG.java:1249) [testng-7.5.jar:7.5]
	at org.testng.TestNG.runSuitesLocally(TestNG.java:1169) [testng-7.5.jar:7.5]
	at org.testng.TestNG.runSuites(TestNG.java:1092) [testng-7.5.jar:7.5]
	at org.testng.TestNG.run(TestNG.java:1060) [testng-7.5.jar:7.5]
	at com.intellij.rt.testng.IDEARemoteTestNG.run(IDEARemoteTestNG.java:66) [testng-rt.jar:?]
	at com.intellij.rt.testng.RemoteTestNGStarter.main(RemoteTestNGStarter.java:105) [testng-rt.jar:?]
2023-10-03 20:11:59 DEBUG   io.netty.util.internal.PlatformDependent0 - java.nio.Bits.unaligned: available, true
2023-10-03 20:11:59 DEBUG   io.netty.util.internal.PlatformDependent0 - jdk.internal.misc.Unsafe.allocateUninitializedArray(int): unavailable
java.lang.IllegalAccessException: class io.netty.util.internal.PlatformDependent0$7 cannot access class jdk.internal.misc.Unsafe (in module java.base) because module java.base does not export jdk.internal.misc to unnamed module @6537cf78
	at jdk.internal.reflect.Reflection.newIllegalAccessException(Reflection.java:394) ~[?:?]
	at java.lang.reflect.AccessibleObject.checkAccess(AccessibleObject.java:674) ~[?:?]
	at java.lang.reflect.Method.invoke(Method.java:568) ~[?:?]
	at io.netty.util.internal.PlatformDependent0$7.run(PlatformDependent0.java:410) ~[netty-common-4.1.92.Final.jar:4.1.92.Final]
	at java.security.AccessController.doPrivileged(AccessController.java:318) ~[?:?]
	at io.netty.util.internal.PlatformDependent0.<clinit>(PlatformDependent0.java:401) ~[netty-common-4.1.92.Final.jar:4.1.92.Final]
	at io.netty.util.internal.PlatformDependent.isAndroid(PlatformDependent.java:333) ~[netty-common-4.1.92.Final.jar:4.1.92.Final]
	at io.netty.util.internal.PlatformDependent.<clinit>(PlatformDependent.java:88) ~[netty-common-4.1.92.Final.jar:4.1.92.Final]
	at io.netty.util.HashedWheelTimer.<init>(HashedWheelTimer.java:114) ~[netty-common-4.1.92.Final.jar:4.1.92.Final]
	at io.netty.util.HashedWheelTimer.<init>(HashedWheelTimer.java:251) ~[netty-common-4.1.92.Final.jar:4.1.92.Final]
	at io.netty.util.HashedWheelTimer.<init>(HashedWheelTimer.java:224) ~[netty-common-4.1.92.Final.jar:4.1.92.Final]
	at io.netty.util.HashedWheelTimer.<init>(HashedWheelTimer.java:203) ~[netty-common-4.1.92.Final.jar:4.1.92.Final]
	at org.asynchttpclient.DefaultAsyncHttpClient.newNettyTimer(DefaultAsyncHttpClient.java:111) ~[async-http-client-2.12.3.jar:?]
	at org.asynchttpclient.DefaultAsyncHttpClient.<init>(DefaultAsyncHttpClient.java:90) ~[async-http-client-2.12.3.jar:?]
	at org.asynchttpclient.Dsl.asyncHttpClient(Dsl.java:32) ~[async-http-client-2.12.3.jar:?]
	at org.openqa.selenium.remote.http.netty.NettyClient.createHttpClient(NettyClient.java:91) ~[selenium-remote-driver-4.11.0.jar:?]
	at org.openqa.selenium.remote.http.netty.NettyClient.<clinit>(NettyClient.java:43) ~[selenium-remote-driver-4.11.0.jar:?]
	at org.openqa.selenium.remote.http.netty.NettyClient$Factory.createClient(NettyClient.java:124) ~[selenium-remote-driver-4.11.0.jar:?]
	at com.codeborne.selenide.webdriver.SelenideNettyClientFactory.createClient(SelenideNettyClientFactory.java:30) ~[selenide-core-6.18.0.jar:6.18.0]
	at org.openqa.selenium.remote.HttpCommandExecutor.<init>(HttpCommandExecutor.java:115) ~[selenium-remote-driver-4.11.0.jar:?]
	at org.openqa.selenium.remote.HttpCommandExecutor.<init>(HttpCommandExecutor.java:92) ~[selenium-remote-driver-4.11.0.jar:?]
	at org.openqa.selenium.remote.service.DriverCommandExecutor.<init>(DriverCommandExecutor.java:89) ~[selenium-remote-driver-4.11.0.jar:?]
	at org.openqa.selenium.chromium.ChromiumDriverCommandExecutor.<init>(ChromiumDriverCommandExecutor.java:43) ~[selenium-chromium-driver-4.11.0.jar:?]
	at org.openqa.selenium.chrome.ChromeDriver$ChromeDriverCommandExecutor.<init>(ChromeDriver.java:115) ~[selenium-chrome-driver-4.11.0.jar:?]
	at org.openqa.selenium.chrome.ChromeDriver.generateExecutor(ChromeDriver.java:105) ~[selenium-chrome-driver-4.11.0.jar:?]
	at org.openqa.selenium.chrome.ChromeDriver.<init>(ChromeDriver.java:88) ~[selenium-chrome-driver-4.11.0.jar:?]
	at org.openqa.selenium.chrome.ChromeDriver.<init>(ChromeDriver.java:83) ~[selenium-chrome-driver-4.11.0.jar:?]
	at com.codeborne.selenide.webdriver.ChromeDriverFactory.create(ChromeDriverFactory.java:34) ~[selenide-core-6.18.0.jar:6.18.0]
	at com.codeborne.selenide.webdriver.WebDriverFactory.createWebDriverInstance(WebDriverFactory.java:120) ~[selenide-core-6.18.0.jar:6.18.0]
	at com.codeborne.selenide.webdriver.WebDriverFactory.createWebDriver(WebDriverFactory.java:67) ~[selenide-core-6.18.0.jar:6.18.0]
	at com.codeborne.selenide.drivercommands.CreateDriverCommand.lambda$createDriver$0(CreateDriverCommand.java:76) ~[selenide-core-6.18.0.jar:6.18.0]
	at com.codeborne.selenide.logevents.SelenideLogger.wrap(SelenideLogger.java:133) ~[selenide-core-6.18.0.jar:6.18.0]
	at com.codeborne.selenide.logevents.SelenideLogger.get(SelenideLogger.java:113) ~[selenide-core-6.18.0.jar:6.18.0]
	at com.codeborne.selenide.drivercommands.CreateDriverCommand.createDriver(CreateDriverCommand.java:52) ~[selenide-core-6.18.0.jar:6.18.0]
	at com.codeborne.selenide.impl.WebDriverThreadLocalContainer.createDriver(WebDriverThreadLocalContainer.java:205) ~[selenide-6.18.0.jar:6.18.0]
	at com.codeborne.selenide.impl.WebDriverThreadLocalContainer.createAndRegisterDriver(WebDriverThreadLocalContainer.java:190) ~[selenide-6.18.0.jar:6.18.0]
	at com.codeborne.selenide.impl.WebDriverThreadLocalContainer.getAndCheckWebDriver(WebDriverThreadLocalContainer.java:152) ~[selenide-6.18.0.jar:6.18.0]
	at com.codeborne.selenide.WebDriverRunner.getAndCheckWebDriver(WebDriverRunner.java:130) ~[selenide-6.18.0.jar:6.18.0]
	at com.codeborne.selenide.impl.StaticDriver.getAndCheckWebDriver(StaticDriver.java:65) ~[selenide-6.18.0.jar:6.18.0]
	at com.codeborne.selenide.SelenideDriver.getAndCheckWebDriver(SelenideDriver.java:223) ~[selenide-core-6.18.0.jar:6.18.0]
	at com.codeborne.selenide.drivercommands.Navigator.lambda$navigateTo$0(Navigator.java:71) ~[selenide-core-6.18.0.jar:6.18.0]
	at com.codeborne.selenide.logevents.SelenideLogger.lambda$run$0(SelenideLogger.java:105) ~[selenide-core-6.18.0.jar:6.18.0]
	at com.codeborne.selenide.logevents.SelenideLogger.wrap(SelenideLogger.java:133) ~[selenide-core-6.18.0.jar:6.18.0]
	at com.codeborne.selenide.logevents.SelenideLogger.run(SelenideLogger.java:104) ~[selenide-core-6.18.0.jar:6.18.0]
	at com.codeborne.selenide.drivercommands.Navigator.navigateTo(Navigator.java:69) ~[selenide-core-6.18.0.jar:6.18.0]
	at com.codeborne.selenide.drivercommands.Navigator.open(Navigator.java:32) ~[selenide-core-6.18.0.jar:6.18.0]
	at com.codeborne.selenide.SelenideDriver.open(SelenideDriver.java:102) ~[selenide-core-6.18.0.jar:6.18.0]
	at com.codeborne.selenide.Selenide.open(Selenide.java:53) ~[selenide-6.18.0.jar:6.18.0]
	at lesson30.log4j.ashot.VisualRegressionTest.screenShot(VisualRegressionTest.java:18) ~[test-classes/:?]
	at jdk.internal.reflect.DirectMethodHandleAccessor.invoke(DirectMethodHandleAccessor.java:104) ~[?:?]
	at java.lang.reflect.Method.invoke(Method.java:577) ~[?:?]
	at org.testng.internal.invokers.MethodInvocationHelper.invokeMethod(MethodInvocationHelper.java:135) ~[testng-7.5.jar:7.5]
	at org.testng.internal.invokers.TestInvoker.invokeMethod(TestInvoker.java:673) ~[testng-7.5.jar:7.5]
	at org.testng.internal.invokers.TestInvoker.invokeTestMethod(TestInvoker.java:220) ~[testng-7.5.jar:7.5]
	at org.testng.internal.invokers.MethodRunner.runInSequence(MethodRunner.java:50) ~[testng-7.5.jar:7.5]
	at org.testng.internal.invokers.TestInvoker$MethodInvocationAgent.invoke(TestInvoker.java:945) ~[testng-7.5.jar:7.5]
	at org.testng.internal.invokers.TestInvoker.invokeTestMethods(TestInvoker.java:193) ~[testng-7.5.jar:7.5]
	at org.testng.internal.invokers.TestMethodWorker.invokeTestMethods(TestMethodWorker.java:146) ~[testng-7.5.jar:7.5]
	at org.testng.internal.invokers.TestMethodWorker.run(TestMethodWorker.java:128) ~[testng-7.5.jar:7.5]
	at java.util.ArrayList.forEach(ArrayList.java:1511) [?:?]
	at org.testng.TestRunner.privateRun(TestRunner.java:808) [testng-7.5.jar:7.5]
	at org.testng.TestRunner.run(TestRunner.java:603) [testng-7.5.jar:7.5]
	at org.testng.SuiteRunner.runTest(SuiteRunner.java:429) [testng-7.5.jar:7.5]
	at org.testng.SuiteRunner.runSequentially(SuiteRunner.java:423) [testng-7.5.jar:7.5]
	at org.testng.SuiteRunner.privateRun(SuiteRunner.java:383) [testng-7.5.jar:7.5]
	at org.testng.SuiteRunner.run(SuiteRunner.java:326) [testng-7.5.jar:7.5]
	at org.testng.SuiteRunnerWorker.runSuite(SuiteRunnerWorker.java:52) [testng-7.5.jar:7.5]
	at org.testng.SuiteRunnerWorker.run(SuiteRunnerWorker.java:95) [testng-7.5.jar:7.5]
	at org.testng.TestNG.runSuitesSequentially(TestNG.java:1249) [testng-7.5.jar:7.5]
	at org.testng.TestNG.runSuitesLocally(TestNG.java:1169) [testng-7.5.jar:7.5]
	at org.testng.TestNG.runSuites(TestNG.java:1092) [testng-7.5.jar:7.5]
	at org.testng.TestNG.run(TestNG.java:1060) [testng-7.5.jar:7.5]
	at com.intellij.rt.testng.IDEARemoteTestNG.run(IDEARemoteTestNG.java:66) [testng-rt.jar:?]
	at com.intellij.rt.testng.RemoteTestNGStarter.main(RemoteTestNGStarter.java:105) [testng-rt.jar:?]
2023-10-03 20:11:59 DEBUG   io.netty.util.internal.PlatformDependent0 - java.nio.DirectByteBuffer.<init>(long, int): unavailable
2023-10-03 20:11:59 DEBUG   io.netty.util.internal.PlatformDependent - sun.misc.Unsafe: available
2023-10-03 20:11:59 DEBUG   io.netty.util.internal.PlatformDependent - maxDirectMemory: 4125097984 bytes (maybe)
2023-10-03 20:11:59 DEBUG   io.netty.util.internal.PlatformDependent - -Dio.netty.tmpdir: C:\Users\QA-DMY~1\AppData\Local\Temp (java.io.tmpdir)
2023-10-03 20:11:59 DEBUG   io.netty.util.internal.PlatformDependent - -Dio.netty.bitMode: 64 (sun.arch.data.model)
2023-10-03 20:11:59 DEBUG   io.netty.util.internal.PlatformDependent - Platform: Windows
2023-10-03 20:11:59 DEBUG   io.netty.util.internal.PlatformDependent - -Dio.netty.maxDirectMemory: -1 bytes
2023-10-03 20:11:59 DEBUG   io.netty.util.internal.PlatformDependent - -Dio.netty.uninitializedArrayAllocationThreshold: -1
2023-10-03 20:11:59 DEBUG   io.netty.util.internal.CleanerJava9 - java.nio.ByteBuffer.cleaner(): available
2023-10-03 20:11:59 DEBUG   io.netty.util.internal.PlatformDependent - -Dio.netty.noPreferDirect: false
2023-10-03 20:11:59 DEBUG   io.netty.util.internal.PlatformDependent - org.jctools-core.MpscChunkedArrayQueue: available
2023-10-03 20:11:59 DEBUG   io.netty.util.internal.InternalThreadLocalMap - -Dio.netty.threadLocalMap.stringBuilder.initialSize: 1024
2023-10-03 20:11:59 DEBUG   io.netty.util.internal.InternalThreadLocalMap - -Dio.netty.threadLocalMap.stringBuilder.maxSize: 4096
2023-10-03 20:11:59 DEBUG   io.netty.handler.ssl.JdkSslContext - Default protocols (JDK): [TLSv1.3, TLSv1.2] 
2023-10-03 20:11:59 DEBUG   io.netty.handler.ssl.JdkSslContext - Default cipher suites (JDK): [TLS_ECDHE_ECDSA_WITH_AES_256_GCM_SHA384, TLS_ECDHE_ECDSA_WITH_AES_128_GCM_SHA256, TLS_ECDHE_RSA_WITH_AES_128_GCM_SHA256, TLS_ECDHE_RSA_WITH_AES_256_GCM_SHA384, TLS_ECDHE_RSA_WITH_AES_128_CBC_SHA, TLS_ECDHE_RSA_WITH_AES_256_CBC_SHA, TLS_RSA_WITH_AES_128_GCM_SHA256, TLS_RSA_WITH_AES_128_CBC_SHA, TLS_RSA_WITH_AES_256_CBC_SHA, TLS_AES_128_GCM_SHA256, TLS_AES_256_GCM_SHA384]
2023-10-03 20:11:59 DEBUG   io.netty.util.concurrent.GlobalEventExecutor - -Dio.netty.globalEventExecutor.quietPeriodSeconds: 1
2023-10-03 20:11:59 DEBUG   io.netty.channel.MultithreadEventLoopGroup - -Dio.netty.eventLoopThreads: 12
2023-10-03 20:11:59 DEBUG   io.netty.channel.nio.NioEventLoop - -Dio.netty.noKeySetOptimization: false
2023-10-03 20:11:59 DEBUG   io.netty.channel.nio.NioEventLoop - -Dio.netty.selectorAutoRebuildThreshold: 512
2023-10-03 20:11:59 TRACE   io.netty.channel.nio.NioEventLoop - instrumented a special java.util.Set into: sun.nio.ch.WEPollSelectorImpl@e93f3d5
2023-10-03 20:11:59 TRACE   io.netty.channel.nio.NioEventLoop - instrumented a special java.util.Set into: sun.nio.ch.WEPollSelectorImpl@4e2c95ee
2023-10-03 20:11:59 TRACE   io.netty.channel.nio.NioEventLoop - instrumented a special java.util.Set into: sun.nio.ch.WEPollSelectorImpl@d0ec63
2023-10-03 20:11:59 TRACE   io.netty.channel.nio.NioEventLoop - instrumented a special java.util.Set into: sun.nio.ch.WEPollSelectorImpl@5a5c128
2023-10-03 20:11:59 TRACE   io.netty.channel.nio.NioEventLoop - instrumented a special java.util.Set into: sun.nio.ch.WEPollSelectorImpl@73eb8672
2023-10-03 20:11:59 TRACE   io.netty.channel.nio.NioEventLoop - instrumented a special java.util.Set into: sun.nio.ch.WEPollSelectorImpl@5942ee04
2023-10-03 20:11:59 TRACE   io.netty.channel.nio.NioEventLoop - instrumented a special java.util.Set into: sun.nio.ch.WEPollSelectorImpl@5e76a2bb
2023-10-03 20:11:59 TRACE   io.netty.channel.nio.NioEventLoop - instrumented a special java.util.Set into: sun.nio.ch.WEPollSelectorImpl@757194dc
2023-10-03 20:11:59 TRACE   io.netty.channel.nio.NioEventLoop - instrumented a special java.util.Set into: sun.nio.ch.WEPollSelectorImpl@5a865416
2023-10-03 20:11:59 TRACE   io.netty.channel.nio.NioEventLoop - instrumented a special java.util.Set into: sun.nio.ch.WEPollSelectorImpl@14faa38c
2023-10-03 20:11:59 TRACE   io.netty.channel.nio.NioEventLoop - instrumented a special java.util.Set into: sun.nio.ch.WEPollSelectorImpl@7ff2b8d2
2023-10-03 20:11:59 TRACE   io.netty.channel.nio.NioEventLoop - instrumented a special java.util.Set into: sun.nio.ch.WEPollSelectorImpl@6dc1484
2023-10-03 20:11:59 DEBUG   io.netty.buffer.PooledByteBufAllocator - -Dio.netty.allocator.numHeapArenas: 12
2023-10-03 20:11:59 DEBUG   io.netty.buffer.PooledByteBufAllocator - -Dio.netty.allocator.numDirectArenas: 12
2023-10-03 20:11:59 DEBUG   io.netty.buffer.PooledByteBufAllocator - -Dio.netty.allocator.pageSize: 8192
2023-10-03 20:11:59 DEBUG   io.netty.buffer.PooledByteBufAllocator - -Dio.netty.allocator.maxOrder: 9
2023-10-03 20:11:59 DEBUG   io.netty.buffer.PooledByteBufAllocator - -Dio.netty.allocator.chunkSize: 4194304
2023-10-03 20:11:59 DEBUG   io.netty.buffer.PooledByteBufAllocator - -Dio.netty.allocator.smallCacheSize: 256
2023-10-03 20:11:59 DEBUG   io.netty.buffer.PooledByteBufAllocator - -Dio.netty.allocator.normalCacheSize: 64
2023-10-03 20:11:59 DEBUG   io.netty.buffer.PooledByteBufAllocator - -Dio.netty.allocator.maxCachedBufferCapacity: 32768
2023-10-03 20:11:59 DEBUG   io.netty.buffer.PooledByteBufAllocator - -Dio.netty.allocator.cacheTrimInterval: 8192
2023-10-03 20:11:59 DEBUG   io.netty.buffer.PooledByteBufAllocator - -Dio.netty.allocator.cacheTrimIntervalMillis: 0
2023-10-03 20:11:59 DEBUG   io.netty.buffer.PooledByteBufAllocator - -Dio.netty.allocator.useCacheForAllThreads: false
2023-10-03 20:11:59 DEBUG   io.netty.buffer.PooledByteBufAllocator - -Dio.netty.allocator.maxCachedByteBuffersPerChunk: 1023
2023-10-03 20:11:59 DEBUG   io.netty.buffer.ByteBufUtil - -Dio.netty.allocator.type: pooled
2023-10-03 20:11:59 DEBUG   io.netty.buffer.ByteBufUtil - -Dio.netty.threadLocalDirectBufferSize: 0
2023-10-03 20:11:59 DEBUG   io.netty.buffer.ByteBufUtil - -Dio.netty.maxThreadLocalCharBufferSize: 16384
2023-10-03 20:12:00 DEBUG   io.netty.channel.DefaultChannelId - -Dio.netty.processId: 16968 (auto-detected)
2023-10-03 20:12:00 DEBUG   io.netty.util.NetUtil - -Djava.net.preferIPv4Stack: false
2023-10-03 20:12:00 DEBUG   io.netty.util.NetUtil - -Djava.net.preferIPv6Addresses: false
2023-10-03 20:12:00 DEBUG   io.netty.util.NetUtilInitializations - Loopback interface: lo (Software Loopback Interface 1, 127.0.0.1)
2023-10-03 20:12:00 DEBUG   io.netty.util.NetUtil - Failed to get SOMAXCONN from sysctl and file \proc\sys\net\core\somaxconn. Default: 200
2023-10-03 20:12:00 DEBUG   io.netty.channel.DefaultChannelId - -Dio.netty.machineId: 00:e0:4c:ff:fe:36:41:26 (auto-detected)
2023-10-03 20:12:00 DEBUG   io.netty.buffer.AbstractByteBuf - -Dio.netty.buffer.checkAccessible: true
2023-10-03 20:12:00 DEBUG   io.netty.buffer.AbstractByteBuf - -Dio.netty.buffer.checkBounds: true
2023-10-03 20:12:00 DEBUG   io.netty.util.ResourceLeakDetectorFactory - Loaded default ResourceLeakDetector: io.netty.util.ResourceLeakDetector@5279b36c
2023-10-03 20:12:00 DEBUG   io.netty.util.Recycler - -Dio.netty.recycler.maxCapacityPerThread: 4096
2023-10-03 20:12:00 DEBUG   io.netty.util.Recycler - -Dio.netty.recycler.ratio: 8
2023-10-03 20:12:00 DEBUG   io.netty.util.Recycler - -Dio.netty.recycler.chunkSize: 32
2023-10-03 20:12:00 DEBUG   io.netty.util.Recycler - -Dio.netty.recycler.blocking: false
2023-10-03 20:12:00 DEBUG   io.netty.util.Recycler - -Dio.netty.recycler.batchFastThreadLocalOnly: true
2023-10-03 20:12:00 DEBUG   io.netty.handler.codec.compression.Brotli - brotli4j not in the classpath; Brotli support will be unavailable.
2023-10-03 20:12:01 DEBUG   io.netty.util.internal.ThreadLocalRandom - -Dio.netty.initialSeedUniquifier: 0x083f7faa98067108
2023-10-03 20:33:09 DEBUG   io.netty.util.internal.logging.InternalLoggerFactory - Using Log4J2 as the default logging framework
2023-10-03 20:33:09 DEBUG   io.netty.util.ResourceLeakDetector - -Dio.netty.leakDetection.level: simple
2023-10-03 20:33:09 DEBUG   io.netty.util.ResourceLeakDetector - -Dio.netty.leakDetection.targetRecords: 4
2023-10-03 20:33:09 DEBUG   io.netty.util.ResourceLeakDetectorFactory - Loaded default ResourceLeakDetector: io.netty.util.ResourceLeakDetector@66971f6b
2023-10-03 20:33:09 DEBUG   io.netty.util.internal.PlatformDependent0 - -Dio.netty.noUnsafe: false
2023-10-03 20:33:09 DEBUG   io.netty.util.internal.PlatformDependent0 - Java version: 18
2023-10-03 20:33:09 DEBUG   io.netty.util.internal.PlatformDependent0 - sun.misc.Unsafe.theUnsafe: available
2023-10-03 20:33:09 DEBUG   io.netty.util.internal.PlatformDependent0 - sun.misc.Unsafe.copyMemory: available
2023-10-03 20:33:09 DEBUG   io.netty.util.internal.PlatformDependent0 - sun.misc.Unsafe.storeFence: available
2023-10-03 20:33:09 DEBUG   io.netty.util.internal.PlatformDependent0 - java.nio.Buffer.address: available
2023-10-03 20:33:09 DEBUG   io.netty.util.internal.PlatformDependent0 - direct buffer constructor: unavailable
java.lang.UnsupportedOperationException: Reflective setAccessible(true) disabled
	at io.netty.util.internal.ReflectionUtil.trySetAccessible(ReflectionUtil.java:31) ~[netty-common-4.1.92.Final.jar:4.1.92.Final]
	at io.netty.util.internal.PlatformDependent0$5.run(PlatformDependent0.java:288) ~[netty-common-4.1.92.Final.jar:4.1.92.Final]
	at java.security.AccessController.doPrivileged(AccessController.java:318) ~[?:?]
	at io.netty.util.internal.PlatformDependent0.<clinit>(PlatformDependent0.java:282) ~[netty-common-4.1.92.Final.jar:4.1.92.Final]
	at io.netty.util.internal.PlatformDependent.isAndroid(PlatformDependent.java:333) ~[netty-common-4.1.92.Final.jar:4.1.92.Final]
	at io.netty.util.internal.PlatformDependent.<clinit>(PlatformDependent.java:88) ~[netty-common-4.1.92.Final.jar:4.1.92.Final]
	at io.netty.util.HashedWheelTimer.<init>(HashedWheelTimer.java:114) ~[netty-common-4.1.92.Final.jar:4.1.92.Final]
	at io.netty.util.HashedWheelTimer.<init>(HashedWheelTimer.java:251) ~[netty-common-4.1.92.Final.jar:4.1.92.Final]
	at io.netty.util.HashedWheelTimer.<init>(HashedWheelTimer.java:224) ~[netty-common-4.1.92.Final.jar:4.1.92.Final]
	at io.netty.util.HashedWheelTimer.<init>(HashedWheelTimer.java:203) ~[netty-common-4.1.92.Final.jar:4.1.92.Final]
	at org.asynchttpclient.DefaultAsyncHttpClient.newNettyTimer(DefaultAsyncHttpClient.java:111) ~[async-http-client-2.12.3.jar:?]
	at org.asynchttpclient.DefaultAsyncHttpClient.<init>(DefaultAsyncHttpClient.java:90) ~[async-http-client-2.12.3.jar:?]
	at org.asynchttpclient.Dsl.asyncHttpClient(Dsl.java:32) ~[async-http-client-2.12.3.jar:?]
	at org.openqa.selenium.remote.http.netty.NettyClient.createHttpClient(NettyClient.java:91) ~[selenium-remote-driver-4.11.0.jar:?]
	at org.openqa.selenium.remote.http.netty.NettyClient.<clinit>(NettyClient.java:43) ~[selenium-remote-driver-4.11.0.jar:?]
	at org.openqa.selenium.remote.http.netty.NettyClient$Factory.createClient(NettyClient.java:124) ~[selenium-remote-driver-4.11.0.jar:?]
	at com.codeborne.selenide.webdriver.SelenideNettyClientFactory.createClient(SelenideNettyClientFactory.java:30) ~[selenide-core-6.18.0.jar:6.18.0]
	at org.openqa.selenium.remote.HttpCommandExecutor.<init>(HttpCommandExecutor.java:115) ~[selenium-remote-driver-4.11.0.jar:?]
	at org.openqa.selenium.remote.HttpCommandExecutor.<init>(HttpCommandExecutor.java:92) ~[selenium-remote-driver-4.11.0.jar:?]
	at org.openqa.selenium.remote.service.DriverCommandExecutor.<init>(DriverCommandExecutor.java:89) ~[selenium-remote-driver-4.11.0.jar:?]
	at org.openqa.selenium.chromium.ChromiumDriverCommandExecutor.<init>(ChromiumDriverCommandExecutor.java:43) ~[selenium-chromium-driver-4.11.0.jar:?]
	at org.openqa.selenium.chrome.ChromeDriver$ChromeDriverCommandExecutor.<init>(ChromeDriver.java:115) ~[selenium-chrome-driver-4.11.0.jar:?]
	at org.openqa.selenium.chrome.ChromeDriver.generateExecutor(ChromeDriver.java:105) ~[selenium-chrome-driver-4.11.0.jar:?]
	at org.openqa.selenium.chrome.ChromeDriver.<init>(ChromeDriver.java:88) ~[selenium-chrome-driver-4.11.0.jar:?]
	at org.openqa.selenium.chrome.ChromeDriver.<init>(ChromeDriver.java:83) ~[selenium-chrome-driver-4.11.0.jar:?]
	at com.codeborne.selenide.webdriver.ChromeDriverFactory.create(ChromeDriverFactory.java:34) ~[selenide-core-6.18.0.jar:6.18.0]
	at com.codeborne.selenide.webdriver.WebDriverFactory.createWebDriverInstance(WebDriverFactory.java:120) ~[selenide-core-6.18.0.jar:6.18.0]
	at com.codeborne.selenide.webdriver.WebDriverFactory.createWebDriver(WebDriverFactory.java:67) ~[selenide-core-6.18.0.jar:6.18.0]
	at com.codeborne.selenide.drivercommands.CreateDriverCommand.lambda$createDriver$0(CreateDriverCommand.java:76) ~[selenide-core-6.18.0.jar:6.18.0]
	at com.codeborne.selenide.logevents.SelenideLogger.wrap(SelenideLogger.java:133) ~[selenide-core-6.18.0.jar:6.18.0]
	at com.codeborne.selenide.logevents.SelenideLogger.get(SelenideLogger.java:113) ~[selenide-core-6.18.0.jar:6.18.0]
	at com.codeborne.selenide.drivercommands.CreateDriverCommand.createDriver(CreateDriverCommand.java:52) ~[selenide-core-6.18.0.jar:6.18.0]
	at com.codeborne.selenide.impl.WebDriverThreadLocalContainer.createDriver(WebDriverThreadLocalContainer.java:205) ~[selenide-6.18.0.jar:6.18.0]
	at com.codeborne.selenide.impl.WebDriverThreadLocalContainer.createAndRegisterDriver(WebDriverThreadLocalContainer.java:190) ~[selenide-6.18.0.jar:6.18.0]
	at com.codeborne.selenide.impl.WebDriverThreadLocalContainer.getAndCheckWebDriver(WebDriverThreadLocalContainer.java:152) ~[selenide-6.18.0.jar:6.18.0]
	at com.codeborne.selenide.WebDriverRunner.getAndCheckWebDriver(WebDriverRunner.java:130) ~[selenide-6.18.0.jar:6.18.0]
	at com.codeborne.selenide.impl.StaticDriver.getAndCheckWebDriver(StaticDriver.java:65) ~[selenide-6.18.0.jar:6.18.0]
	at com.codeborne.selenide.SelenideDriver.getAndCheckWebDriver(SelenideDriver.java:223) ~[selenide-core-6.18.0.jar:6.18.0]
	at com.codeborne.selenide.drivercommands.Navigator.lambda$navigateTo$0(Navigator.java:71) ~[selenide-core-6.18.0.jar:6.18.0]
	at com.codeborne.selenide.logevents.SelenideLogger.lambda$run$0(SelenideLogger.java:105) ~[selenide-core-6.18.0.jar:6.18.0]
	at com.codeborne.selenide.logevents.SelenideLogger.wrap(SelenideLogger.java:133) ~[selenide-core-6.18.0.jar:6.18.0]
	at com.codeborne.selenide.logevents.SelenideLogger.run(SelenideLogger.java:104) ~[selenide-core-6.18.0.jar:6.18.0]
	at com.codeborne.selenide.drivercommands.Navigator.navigateTo(Navigator.java:69) ~[selenide-core-6.18.0.jar:6.18.0]
	at com.codeborne.selenide.drivercommands.Navigator.open(Navigator.java:32) ~[selenide-core-6.18.0.jar:6.18.0]
	at com.codeborne.selenide.SelenideDriver.open(SelenideDriver.java:102) ~[selenide-core-6.18.0.jar:6.18.0]
	at com.codeborne.selenide.Selenide.open(Selenide.java:53) ~[selenide-6.18.0.jar:6.18.0]
	at lesson30.log4j.ashot.VisualRegressionTestComparing.screenShot(VisualRegressionTestComparing.java:22) ~[test-classes/:?]
	at jdk.internal.reflect.DirectMethodHandleAccessor.invoke(DirectMethodHandleAccessor.java:104) ~[?:?]
	at java.lang.reflect.Method.invoke(Method.java:577) ~[?:?]
	at org.testng.internal.invokers.MethodInvocationHelper.invokeMethod(MethodInvocationHelper.java:135) ~[testng-7.5.jar:7.5]
	at org.testng.internal.invokers.TestInvoker.invokeMethod(TestInvoker.java:673) ~[testng-7.5.jar:7.5]
	at org.testng.internal.invokers.TestInvoker.invokeTestMethod(TestInvoker.java:220) ~[testng-7.5.jar:7.5]
	at org.testng.internal.invokers.MethodRunner.runInSequence(MethodRunner.java:50) ~[testng-7.5.jar:7.5]
	at org.testng.internal.invokers.TestInvoker$MethodInvocationAgent.invoke(TestInvoker.java:945) ~[testng-7.5.jar:7.5]
	at org.testng.internal.invokers.TestInvoker.invokeTestMethods(TestInvoker.java:193) ~[testng-7.5.jar:7.5]
	at org.testng.internal.invokers.TestMethodWorker.invokeTestMethods(TestMethodWorker.java:146) ~[testng-7.5.jar:7.5]
	at org.testng.internal.invokers.TestMethodWorker.run(TestMethodWorker.java:128) ~[testng-7.5.jar:7.5]
	at java.util.ArrayList.forEach(ArrayList.java:1511) [?:?]
	at org.testng.TestRunner.privateRun(TestRunner.java:808) [testng-7.5.jar:7.5]
	at org.testng.TestRunner.run(TestRunner.java:603) [testng-7.5.jar:7.5]
	at org.testng.SuiteRunner.runTest(SuiteRunner.java:429) [testng-7.5.jar:7.5]
	at org.testng.SuiteRunner.runSequentially(SuiteRunner.java:423) [testng-7.5.jar:7.5]
	at org.testng.SuiteRunner.privateRun(SuiteRunner.java:383) [testng-7.5.jar:7.5]
	at org.testng.SuiteRunner.run(SuiteRunner.java:326) [testng-7.5.jar:7.5]
	at org.testng.SuiteRunnerWorker.runSuite(SuiteRunnerWorker.java:52) [testng-7.5.jar:7.5]
	at org.testng.SuiteRunnerWorker.run(SuiteRunnerWorker.java:95) [testng-7.5.jar:7.5]
	at org.testng.TestNG.runSuitesSequentially(TestNG.java:1249) [testng-7.5.jar:7.5]
	at org.testng.TestNG.runSuitesLocally(TestNG.java:1169) [testng-7.5.jar:7.5]
	at org.testng.TestNG.runSuites(TestNG.java:1092) [testng-7.5.jar:7.5]
	at org.testng.TestNG.run(TestNG.java:1060) [testng-7.5.jar:7.5]
	at com.intellij.rt.testng.IDEARemoteTestNG.run(IDEARemoteTestNG.java:66) [testng-rt.jar:?]
	at com.intellij.rt.testng.RemoteTestNGStarter.main(RemoteTestNGStarter.java:105) [testng-rt.jar:?]
2023-10-03 20:33:09 DEBUG   io.netty.util.internal.PlatformDependent0 - java.nio.Bits.unaligned: available, true
2023-10-03 20:33:09 DEBUG   io.netty.util.internal.PlatformDependent0 - jdk.internal.misc.Unsafe.allocateUninitializedArray(int): unavailable
java.lang.IllegalAccessException: class io.netty.util.internal.PlatformDependent0$7 cannot access class jdk.internal.misc.Unsafe (in module java.base) because module java.base does not export jdk.internal.misc to unnamed module @5315b42e
	at jdk.internal.reflect.Reflection.newIllegalAccessException(Reflection.java:394) ~[?:?]
	at java.lang.reflect.AccessibleObject.checkAccess(AccessibleObject.java:674) ~[?:?]
	at java.lang.reflect.Method.invoke(Method.java:568) ~[?:?]
	at io.netty.util.internal.PlatformDependent0$7.run(PlatformDependent0.java:410) ~[netty-common-4.1.92.Final.jar:4.1.92.Final]
	at java.security.AccessController.doPrivileged(AccessController.java:318) ~[?:?]
	at io.netty.util.internal.PlatformDependent0.<clinit>(PlatformDependent0.java:401) ~[netty-common-4.1.92.Final.jar:4.1.92.Final]
	at io.netty.util.internal.PlatformDependent.isAndroid(PlatformDependent.java:333) ~[netty-common-4.1.92.Final.jar:4.1.92.Final]
	at io.netty.util.internal.PlatformDependent.<clinit>(PlatformDependent.java:88) ~[netty-common-4.1.92.Final.jar:4.1.92.Final]
	at io.netty.util.HashedWheelTimer.<init>(HashedWheelTimer.java:114) ~[netty-common-4.1.92.Final.jar:4.1.92.Final]
	at io.netty.util.HashedWheelTimer.<init>(HashedWheelTimer.java:251) ~[netty-common-4.1.92.Final.jar:4.1.92.Final]
	at io.netty.util.HashedWheelTimer.<init>(HashedWheelTimer.java:224) ~[netty-common-4.1.92.Final.jar:4.1.92.Final]
	at io.netty.util.HashedWheelTimer.<init>(HashedWheelTimer.java:203) ~[netty-common-4.1.92.Final.jar:4.1.92.Final]
	at org.asynchttpclient.DefaultAsyncHttpClient.newNettyTimer(DefaultAsyncHttpClient.java:111) ~[async-http-client-2.12.3.jar:?]
	at org.asynchttpclient.DefaultAsyncHttpClient.<init>(DefaultAsyncHttpClient.java:90) ~[async-http-client-2.12.3.jar:?]
	at org.asynchttpclient.Dsl.asyncHttpClient(Dsl.java:32) ~[async-http-client-2.12.3.jar:?]
	at org.openqa.selenium.remote.http.netty.NettyClient.createHttpClient(NettyClient.java:91) ~[selenium-remote-driver-4.11.0.jar:?]
	at org.openqa.selenium.remote.http.netty.NettyClient.<clinit>(NettyClient.java:43) ~[selenium-remote-driver-4.11.0.jar:?]
	at org.openqa.selenium.remote.http.netty.NettyClient$Factory.createClient(NettyClient.java:124) ~[selenium-remote-driver-4.11.0.jar:?]
	at com.codeborne.selenide.webdriver.SelenideNettyClientFactory.createClient(SelenideNettyClientFactory.java:30) ~[selenide-core-6.18.0.jar:6.18.0]
	at org.openqa.selenium.remote.HttpCommandExecutor.<init>(HttpCommandExecutor.java:115) ~[selenium-remote-driver-4.11.0.jar:?]
	at org.openqa.selenium.remote.HttpCommandExecutor.<init>(HttpCommandExecutor.java:92) ~[selenium-remote-driver-4.11.0.jar:?]
	at org.openqa.selenium.remote.service.DriverCommandExecutor.<init>(DriverCommandExecutor.java:89) ~[selenium-remote-driver-4.11.0.jar:?]
	at org.openqa.selenium.chromium.ChromiumDriverCommandExecutor.<init>(ChromiumDriverCommandExecutor.java:43) ~[selenium-chromium-driver-4.11.0.jar:?]
	at org.openqa.selenium.chrome.ChromeDriver$ChromeDriverCommandExecutor.<init>(ChromeDriver.java:115) ~[selenium-chrome-driver-4.11.0.jar:?]
	at org.openqa.selenium.chrome.ChromeDriver.generateExecutor(ChromeDriver.java:105) ~[selenium-chrome-driver-4.11.0.jar:?]
	at org.openqa.selenium.chrome.ChromeDriver.<init>(ChromeDriver.java:88) ~[selenium-chrome-driver-4.11.0.jar:?]
	at org.openqa.selenium.chrome.ChromeDriver.<init>(ChromeDriver.java:83) ~[selenium-chrome-driver-4.11.0.jar:?]
	at com.codeborne.selenide.webdriver.ChromeDriverFactory.create(ChromeDriverFactory.java:34) ~[selenide-core-6.18.0.jar:6.18.0]
	at com.codeborne.selenide.webdriver.WebDriverFactory.createWebDriverInstance(WebDriverFactory.java:120) ~[selenide-core-6.18.0.jar:6.18.0]
	at com.codeborne.selenide.webdriver.WebDriverFactory.createWebDriver(WebDriverFactory.java:67) ~[selenide-core-6.18.0.jar:6.18.0]
	at com.codeborne.selenide.drivercommands.CreateDriverCommand.lambda$createDriver$0(CreateDriverCommand.java:76) ~[selenide-core-6.18.0.jar:6.18.0]
	at com.codeborne.selenide.logevents.SelenideLogger.wrap(SelenideLogger.java:133) ~[selenide-core-6.18.0.jar:6.18.0]
	at com.codeborne.selenide.logevents.SelenideLogger.get(SelenideLogger.java:113) ~[selenide-core-6.18.0.jar:6.18.0]
	at com.codeborne.selenide.drivercommands.CreateDriverCommand.createDriver(CreateDriverCommand.java:52) ~[selenide-core-6.18.0.jar:6.18.0]
	at com.codeborne.selenide.impl.WebDriverThreadLocalContainer.createDriver(WebDriverThreadLocalContainer.java:205) ~[selenide-6.18.0.jar:6.18.0]
	at com.codeborne.selenide.impl.WebDriverThreadLocalContainer.createAndRegisterDriver(WebDriverThreadLocalContainer.java:190) ~[selenide-6.18.0.jar:6.18.0]
	at com.codeborne.selenide.impl.WebDriverThreadLocalContainer.getAndCheckWebDriver(WebDriverThreadLocalContainer.java:152) ~[selenide-6.18.0.jar:6.18.0]
	at com.codeborne.selenide.WebDriverRunner.getAndCheckWebDriver(WebDriverRunner.java:130) ~[selenide-6.18.0.jar:6.18.0]
	at com.codeborne.selenide.impl.StaticDriver.getAndCheckWebDriver(StaticDriver.java:65) ~[selenide-6.18.0.jar:6.18.0]
	at com.codeborne.selenide.SelenideDriver.getAndCheckWebDriver(SelenideDriver.java:223) ~[selenide-core-6.18.0.jar:6.18.0]
	at com.codeborne.selenide.drivercommands.Navigator.lambda$navigateTo$0(Navigator.java:71) ~[selenide-core-6.18.0.jar:6.18.0]
	at com.codeborne.selenide.logevents.SelenideLogger.lambda$run$0(SelenideLogger.java:105) ~[selenide-core-6.18.0.jar:6.18.0]
	at com.codeborne.selenide.logevents.SelenideLogger.wrap(SelenideLogger.java:133) ~[selenide-core-6.18.0.jar:6.18.0]
	at com.codeborne.selenide.logevents.SelenideLogger.run(SelenideLogger.java:104) ~[selenide-core-6.18.0.jar:6.18.0]
	at com.codeborne.selenide.drivercommands.Navigator.navigateTo(Navigator.java:69) ~[selenide-core-6.18.0.jar:6.18.0]
	at com.codeborne.selenide.drivercommands.Navigator.open(Navigator.java:32) ~[selenide-core-6.18.0.jar:6.18.0]
	at com.codeborne.selenide.SelenideDriver.open(SelenideDriver.java:102) ~[selenide-core-6.18.0.jar:6.18.0]
	at com.codeborne.selenide.Selenide.open(Selenide.java:53) ~[selenide-6.18.0.jar:6.18.0]
	at lesson30.log4j.ashot.VisualRegressionTestComparing.screenShot(VisualRegressionTestComparing.java:22) ~[test-classes/:?]
	at jdk.internal.reflect.DirectMethodHandleAccessor.invoke(DirectMethodHandleAccessor.java:104) ~[?:?]
	at java.lang.reflect.Method.invoke(Method.java:577) ~[?:?]
	at org.testng.internal.invokers.MethodInvocationHelper.invokeMethod(MethodInvocationHelper.java:135) ~[testng-7.5.jar:7.5]
	at org.testng.internal.invokers.TestInvoker.invokeMethod(TestInvoker.java:673) ~[testng-7.5.jar:7.5]
	at org.testng.internal.invokers.TestInvoker.invokeTestMethod(TestInvoker.java:220) ~[testng-7.5.jar:7.5]
	at org.testng.internal.invokers.MethodRunner.runInSequence(MethodRunner.java:50) ~[testng-7.5.jar:7.5]
	at org.testng.internal.invokers.TestInvoker$MethodInvocationAgent.invoke(TestInvoker.java:945) ~[testng-7.5.jar:7.5]
	at org.testng.internal.invokers.TestInvoker.invokeTestMethods(TestInvoker.java:193) ~[testng-7.5.jar:7.5]
	at org.testng.internal.invokers.TestMethodWorker.invokeTestMethods(TestMethodWorker.java:146) ~[testng-7.5.jar:7.5]
	at org.testng.internal.invokers.TestMethodWorker.run(TestMethodWorker.java:128) ~[testng-7.5.jar:7.5]
	at java.util.ArrayList.forEach(ArrayList.java:1511) [?:?]
	at org.testng.TestRunner.privateRun(TestRunner.java:808) [testng-7.5.jar:7.5]
	at org.testng.TestRunner.run(TestRunner.java:603) [testng-7.5.jar:7.5]
	at org.testng.SuiteRunner.runTest(SuiteRunner.java:429) [testng-7.5.jar:7.5]
	at org.testng.SuiteRunner.runSequentially(SuiteRunner.java:423) [testng-7.5.jar:7.5]
	at org.testng.SuiteRunner.privateRun(SuiteRunner.java:383) [testng-7.5.jar:7.5]
	at org.testng.SuiteRunner.run(SuiteRunner.java:326) [testng-7.5.jar:7.5]
	at org.testng.SuiteRunnerWorker.runSuite(SuiteRunnerWorker.java:52) [testng-7.5.jar:7.5]
	at org.testng.SuiteRunnerWorker.run(SuiteRunnerWorker.java:95) [testng-7.5.jar:7.5]
	at org.testng.TestNG.runSuitesSequentially(TestNG.java:1249) [testng-7.5.jar:7.5]
	at org.testng.TestNG.runSuitesLocally(TestNG.java:1169) [testng-7.5.jar:7.5]
	at org.testng.TestNG.runSuites(TestNG.java:1092) [testng-7.5.jar:7.5]
	at org.testng.TestNG.run(TestNG.java:1060) [testng-7.5.jar:7.5]
	at com.intellij.rt.testng.IDEARemoteTestNG.run(IDEARemoteTestNG.java:66) [testng-rt.jar:?]
	at com.intellij.rt.testng.RemoteTestNGStarter.main(RemoteTestNGStarter.java:105) [testng-rt.jar:?]
2023-10-03 20:33:09 DEBUG   io.netty.util.internal.PlatformDependent0 - java.nio.DirectByteBuffer.<init>(long, int): unavailable
2023-10-03 20:33:09 DEBUG   io.netty.util.internal.PlatformDependent - sun.misc.Unsafe: available
2023-10-03 20:33:09 DEBUG   io.netty.util.internal.PlatformDependent - maxDirectMemory: 4125097984 bytes (maybe)
2023-10-03 20:33:09 DEBUG   io.netty.util.internal.PlatformDependent - -Dio.netty.tmpdir: C:\Users\QA-DMY~1\AppData\Local\Temp (java.io.tmpdir)
2023-10-03 20:33:09 DEBUG   io.netty.util.internal.PlatformDependent - -Dio.netty.bitMode: 64 (sun.arch.data.model)
2023-10-03 20:33:09 DEBUG   io.netty.util.internal.PlatformDependent - Platform: Windows
2023-10-03 20:33:09 DEBUG   io.netty.util.internal.PlatformDependent - -Dio.netty.maxDirectMemory: -1 bytes
2023-10-03 20:33:09 DEBUG   io.netty.util.internal.PlatformDependent - -Dio.netty.uninitializedArrayAllocationThreshold: -1
2023-10-03 20:33:09 DEBUG   io.netty.util.internal.CleanerJava9 - java.nio.ByteBuffer.cleaner(): available
2023-10-03 20:33:09 DEBUG   io.netty.util.internal.PlatformDependent - -Dio.netty.noPreferDirect: false
2023-10-03 20:33:09 DEBUG   io.netty.util.internal.PlatformDependent - org.jctools-core.MpscChunkedArrayQueue: available
2023-10-03 20:33:09 DEBUG   io.netty.util.internal.InternalThreadLocalMap - -Dio.netty.threadLocalMap.stringBuilder.initialSize: 1024
2023-10-03 20:33:09 DEBUG   io.netty.util.internal.InternalThreadLocalMap - -Dio.netty.threadLocalMap.stringBuilder.maxSize: 4096
2023-10-03 20:33:09 DEBUG   io.netty.handler.ssl.JdkSslContext - Default protocols (JDK): [TLSv1.3, TLSv1.2] 
2023-10-03 20:33:09 DEBUG   io.netty.handler.ssl.JdkSslContext - Default cipher suites (JDK): [TLS_ECDHE_ECDSA_WITH_AES_256_GCM_SHA384, TLS_ECDHE_ECDSA_WITH_AES_128_GCM_SHA256, TLS_ECDHE_RSA_WITH_AES_128_GCM_SHA256, TLS_ECDHE_RSA_WITH_AES_256_GCM_SHA384, TLS_ECDHE_RSA_WITH_AES_128_CBC_SHA, TLS_ECDHE_RSA_WITH_AES_256_CBC_SHA, TLS_RSA_WITH_AES_128_GCM_SHA256, TLS_RSA_WITH_AES_128_CBC_SHA, TLS_RSA_WITH_AES_256_CBC_SHA, TLS_AES_128_GCM_SHA256, TLS_AES_256_GCM_SHA384]
2023-10-03 20:33:09 DEBUG   io.netty.util.concurrent.GlobalEventExecutor - -Dio.netty.globalEventExecutor.quietPeriodSeconds: 1
2023-10-03 20:33:09 DEBUG   io.netty.channel.MultithreadEventLoopGroup - -Dio.netty.eventLoopThreads: 12
2023-10-03 20:33:09 DEBUG   io.netty.channel.nio.NioEventLoop - -Dio.netty.noKeySetOptimization: false
2023-10-03 20:33:09 DEBUG   io.netty.channel.nio.NioEventLoop - -Dio.netty.selectorAutoRebuildThreshold: 512
2023-10-03 20:33:09 TRACE   io.netty.channel.nio.NioEventLoop - instrumented a special java.util.Set into: sun.nio.ch.WEPollSelectorImpl@667e34b1
2023-10-03 20:33:09 TRACE   io.netty.channel.nio.NioEventLoop - instrumented a special java.util.Set into: sun.nio.ch.WEPollSelectorImpl@7af1cd63
2023-10-03 20:33:09 TRACE   io.netty.channel.nio.NioEventLoop - instrumented a special java.util.Set into: sun.nio.ch.WEPollSelectorImpl@4351171a
2023-10-03 20:33:09 TRACE   io.netty.channel.nio.NioEventLoop - instrumented a special java.util.Set into: sun.nio.ch.WEPollSelectorImpl@3c2772d1
2023-10-03 20:33:09 TRACE   io.netty.channel.nio.NioEventLoop - instrumented a special java.util.Set into: sun.nio.ch.WEPollSelectorImpl@37d00a23
2023-10-03 20:33:09 TRACE   io.netty.channel.nio.NioEventLoop - instrumented a special java.util.Set into: sun.nio.ch.WEPollSelectorImpl@433e536f
2023-10-03 20:33:09 TRACE   io.netty.channel.nio.NioEventLoop - instrumented a special java.util.Set into: sun.nio.ch.WEPollSelectorImpl@89c65d5
2023-10-03 20:33:09 TRACE   io.netty.channel.nio.NioEventLoop - instrumented a special java.util.Set into: sun.nio.ch.WEPollSelectorImpl@faa3fed
2023-10-03 20:33:09 TRACE   io.netty.channel.nio.NioEventLoop - instrumented a special java.util.Set into: sun.nio.ch.WEPollSelectorImpl@381cad29
2023-10-03 20:33:09 TRACE   io.netty.channel.nio.NioEventLoop - instrumented a special java.util.Set into: sun.nio.ch.WEPollSelectorImpl@988246e
2023-10-03 20:33:09 TRACE   io.netty.channel.nio.NioEventLoop - instrumented a special java.util.Set into: sun.nio.ch.WEPollSelectorImpl@62515a47
2023-10-03 20:33:09 TRACE   io.netty.channel.nio.NioEventLoop - instrumented a special java.util.Set into: sun.nio.ch.WEPollSelectorImpl@3c5a54b7
2023-10-03 20:33:09 DEBUG   io.netty.buffer.PooledByteBufAllocator - -Dio.netty.allocator.numHeapArenas: 12
2023-10-03 20:33:09 DEBUG   io.netty.buffer.PooledByteBufAllocator - -Dio.netty.allocator.numDirectArenas: 12
2023-10-03 20:33:09 DEBUG   io.netty.buffer.PooledByteBufAllocator - -Dio.netty.allocator.pageSize: 8192
2023-10-03 20:33:09 DEBUG   io.netty.buffer.PooledByteBufAllocator - -Dio.netty.allocator.maxOrder: 9
2023-10-03 20:33:09 DEBUG   io.netty.buffer.PooledByteBufAllocator - -Dio.netty.allocator.chunkSize: 4194304
2023-10-03 20:33:09 DEBUG   io.netty.buffer.PooledByteBufAllocator - -Dio.netty.allocator.smallCacheSize: 256
2023-10-03 20:33:09 DEBUG   io.netty.buffer.PooledByteBufAllocator - -Dio.netty.allocator.normalCacheSize: 64
2023-10-03 20:33:09 DEBUG   io.netty.buffer.PooledByteBufAllocator - -Dio.netty.allocator.maxCachedBufferCapacity: 32768
2023-10-03 20:33:09 DEBUG   io.netty.buffer.PooledByteBufAllocator - -Dio.netty.allocator.cacheTrimInterval: 8192
2023-10-03 20:33:09 DEBUG   io.netty.buffer.PooledByteBufAllocator - -Dio.netty.allocator.cacheTrimIntervalMillis: 0
2023-10-03 20:33:09 DEBUG   io.netty.buffer.PooledByteBufAllocator - -Dio.netty.allocator.useCacheForAllThreads: false
2023-10-03 20:33:09 DEBUG   io.netty.buffer.PooledByteBufAllocator - -Dio.netty.allocator.maxCachedByteBuffersPerChunk: 1023
2023-10-03 20:33:09 DEBUG   io.netty.buffer.ByteBufUtil - -Dio.netty.allocator.type: pooled
2023-10-03 20:33:09 DEBUG   io.netty.buffer.ByteBufUtil - -Dio.netty.threadLocalDirectBufferSize: 0
2023-10-03 20:33:09 DEBUG   io.netty.buffer.ByteBufUtil - -Dio.netty.maxThreadLocalCharBufferSize: 16384
2023-10-03 20:33:09 DEBUG   io.netty.channel.DefaultChannelId - -Dio.netty.processId: 20980 (auto-detected)
2023-10-03 20:33:09 DEBUG   io.netty.util.NetUtil - -Djava.net.preferIPv4Stack: false
2023-10-03 20:33:09 DEBUG   io.netty.util.NetUtil - -Djava.net.preferIPv6Addresses: false
2023-10-03 20:33:09 DEBUG   io.netty.util.NetUtilInitializations - Loopback interface: lo (Software Loopback Interface 1, 127.0.0.1)
2023-10-03 20:33:09 DEBUG   io.netty.util.NetUtil - Failed to get SOMAXCONN from sysctl and file \proc\sys\net\core\somaxconn. Default: 200
2023-10-03 20:33:09 DEBUG   io.netty.channel.DefaultChannelId - -Dio.netty.machineId: 00:e0:4c:ff:fe:36:41:26 (auto-detected)
2023-10-03 20:33:09 DEBUG   io.netty.buffer.AbstractByteBuf - -Dio.netty.buffer.checkAccessible: true
2023-10-03 20:33:09 DEBUG   io.netty.buffer.AbstractByteBuf - -Dio.netty.buffer.checkBounds: true
2023-10-03 20:33:09 DEBUG   io.netty.util.ResourceLeakDetectorFactory - Loaded default ResourceLeakDetector: io.netty.util.ResourceLeakDetector@55cc4d10
2023-10-03 20:33:09 DEBUG   io.netty.util.Recycler - -Dio.netty.recycler.maxCapacityPerThread: 4096
2023-10-03 20:33:09 DEBUG   io.netty.util.Recycler - -Dio.netty.recycler.ratio: 8
2023-10-03 20:33:09 DEBUG   io.netty.util.Recycler - -Dio.netty.recycler.chunkSize: 32
2023-10-03 20:33:09 DEBUG   io.netty.util.Recycler - -Dio.netty.recycler.blocking: false
2023-10-03 20:33:09 DEBUG   io.netty.util.Recycler - -Dio.netty.recycler.batchFastThreadLocalOnly: true
2023-10-03 20:33:10 DEBUG   io.netty.handler.codec.compression.Brotli - brotli4j not in the classpath; Brotli support will be unavailable.
2023-10-03 20:33:10 DEBUG   io.netty.util.internal.ThreadLocalRandom - -Dio.netty.initialSeedUniquifier: 0x71c278127e2affe6
2023-10-05 19:37:57 DEBUG   io.netty.util.internal.logging.InternalLoggerFactory - Using Log4J2 as the default logging framework
2023-10-05 19:37:57 DEBUG   io.netty.util.ResourceLeakDetector - -Dio.netty.leakDetection.level: simple
2023-10-05 19:37:57 DEBUG   io.netty.util.ResourceLeakDetector - -Dio.netty.leakDetection.targetRecords: 4
2023-10-05 19:37:57 DEBUG   io.netty.util.ResourceLeakDetectorFactory - Loaded default ResourceLeakDetector: io.netty.util.ResourceLeakDetector@dc7b462
2023-10-05 19:37:57 DEBUG   io.netty.util.internal.PlatformDependent0 - -Dio.netty.noUnsafe: false
2023-10-05 19:37:57 DEBUG   io.netty.util.internal.PlatformDependent0 - Java version: 18
2023-10-05 19:37:57 DEBUG   io.netty.util.internal.PlatformDependent0 - sun.misc.Unsafe.theUnsafe: available
2023-10-05 19:37:57 DEBUG   io.netty.util.internal.PlatformDependent0 - sun.misc.Unsafe.copyMemory: available
2023-10-05 19:37:57 DEBUG   io.netty.util.internal.PlatformDependent0 - sun.misc.Unsafe.storeFence: available
2023-10-05 19:37:57 DEBUG   io.netty.util.internal.PlatformDependent0 - java.nio.Buffer.address: available
2023-10-05 19:37:57 DEBUG   io.netty.util.internal.PlatformDependent0 - direct buffer constructor: unavailable
java.lang.UnsupportedOperationException: Reflective setAccessible(true) disabled
	at io.netty.util.internal.ReflectionUtil.trySetAccessible(ReflectionUtil.java:31) ~[netty-common-4.1.92.Final.jar:4.1.92.Final]
	at io.netty.util.internal.PlatformDependent0$5.run(PlatformDependent0.java:288) ~[netty-common-4.1.92.Final.jar:4.1.92.Final]
	at java.security.AccessController.doPrivileged(AccessController.java:318) ~[?:?]
	at io.netty.util.internal.PlatformDependent0.<clinit>(PlatformDependent0.java:282) [netty-common-4.1.92.Final.jar:4.1.92.Final]
	at io.netty.util.internal.PlatformDependent.isAndroid(PlatformDependent.java:333) [netty-common-4.1.92.Final.jar:4.1.92.Final]
	at io.netty.util.internal.PlatformDependent.<clinit>(PlatformDependent.java:88) [netty-common-4.1.92.Final.jar:4.1.92.Final]
	at io.netty.util.HashedWheelTimer.<init>(HashedWheelTimer.java:114) [netty-common-4.1.92.Final.jar:4.1.92.Final]
	at io.netty.util.HashedWheelTimer.<init>(HashedWheelTimer.java:251) [netty-common-4.1.92.Final.jar:4.1.92.Final]
	at io.netty.util.HashedWheelTimer.<init>(HashedWheelTimer.java:224) [netty-common-4.1.92.Final.jar:4.1.92.Final]
	at io.netty.util.HashedWheelTimer.<init>(HashedWheelTimer.java:203) [netty-common-4.1.92.Final.jar:4.1.92.Final]
	at org.asynchttpclient.DefaultAsyncHttpClient.newNettyTimer(DefaultAsyncHttpClient.java:111) [async-http-client-2.12.3.jar:?]
	at org.asynchttpclient.DefaultAsyncHttpClient.<init>(DefaultAsyncHttpClient.java:90) [async-http-client-2.12.3.jar:?]
	at org.asynchttpclient.Dsl.asyncHttpClient(Dsl.java:32) [async-http-client-2.12.3.jar:?]
	at org.openqa.selenium.remote.http.netty.NettyClient.createHttpClient(NettyClient.java:91) [selenium-remote-driver-4.11.0.jar:?]
	at org.openqa.selenium.remote.http.netty.NettyClient.<clinit>(NettyClient.java:43) [selenium-remote-driver-4.11.0.jar:?]
	at org.openqa.selenium.remote.http.netty.NettyClient$Factory.createClient(NettyClient.java:124) [selenium-remote-driver-4.11.0.jar:?]
	at org.openqa.selenium.remote.HttpCommandExecutor.<init>(HttpCommandExecutor.java:115) [selenium-remote-driver-4.11.0.jar:?]
	at org.openqa.selenium.remote.HttpCommandExecutor.<init>(HttpCommandExecutor.java:92) [selenium-remote-driver-4.11.0.jar:?]
	at org.openqa.selenium.remote.service.DriverCommandExecutor.<init>(DriverCommandExecutor.java:89) [selenium-remote-driver-4.11.0.jar:?]
	at org.openqa.selenium.chromium.ChromiumDriverCommandExecutor.<init>(ChromiumDriverCommandExecutor.java:43) [selenium-chromium-driver-4.11.0.jar:?]
	at org.openqa.selenium.chrome.ChromeDriver$ChromeDriverCommandExecutor.<init>(ChromeDriver.java:115) [selenium-chrome-driver-4.11.0.jar:?]
	at org.openqa.selenium.chrome.ChromeDriver.generateExecutor(ChromeDriver.java:105) [selenium-chrome-driver-4.11.0.jar:?]
	at org.openqa.selenium.chrome.ChromeDriver.<init>(ChromeDriver.java:88) [selenium-chrome-driver-4.11.0.jar:?]
	at org.openqa.selenium.chrome.ChromeDriver.<init>(ChromeDriver.java:83) [selenium-chrome-driver-4.11.0.jar:?]
	at org.openqa.selenium.chrome.ChromeDriver.<init>(ChromeDriver.java:51) [selenium-chrome-driver-4.11.0.jar:?]
	at ua.hillel.InitDriver.setupDriver(InitDriver.java:19) [classes/:?]
	at jdk.internal.reflect.DirectMethodHandleAccessor.invoke(DirectMethodHandleAccessor.java:104) ~[?:?]
	at java.lang.reflect.Method.invoke(Method.java:577) ~[?:?]
	at org.testng.internal.invokers.MethodInvocationHelper.invokeMethod(MethodInvocationHelper.java:135) [testng-7.5.jar:7.5]
	at org.testng.internal.invokers.MethodInvocationHelper.invokeMethodConsideringTimeout(MethodInvocationHelper.java:65) [testng-7.5.jar:7.5]
	at org.testng.internal.invokers.ConfigInvoker.invokeConfigurationMethod(ConfigInvoker.java:381) [testng-7.5.jar:7.5]
	at org.testng.internal.invokers.ConfigInvoker.invokeConfigurations(ConfigInvoker.java:319) [testng-7.5.jar:7.5]
	at org.testng.TestRunner.invokeTestConfigurations(TestRunner.java:645) [testng-7.5.jar:7.5]
	at org.testng.TestRunner.beforeRun(TestRunner.java:634) [testng-7.5.jar:7.5]
	at org.testng.TestRunner.run(TestRunner.java:596) [testng-7.5.jar:7.5]
	at org.testng.SuiteRunner.runTest(SuiteRunner.java:429) [testng-7.5.jar:7.5]
	at org.testng.SuiteRunner.runSequentially(SuiteRunner.java:423) [testng-7.5.jar:7.5]
	at org.testng.SuiteRunner.privateRun(SuiteRunner.java:383) [testng-7.5.jar:7.5]
	at org.testng.SuiteRunner.run(SuiteRunner.java:326) [testng-7.5.jar:7.5]
	at org.testng.SuiteRunnerWorker.runSuite(SuiteRunnerWorker.java:52) [testng-7.5.jar:7.5]
	at org.testng.SuiteRunnerWorker.run(SuiteRunnerWorker.java:95) [testng-7.5.jar:7.5]
	at org.testng.TestNG.runSuitesSequentially(TestNG.java:1249) [testng-7.5.jar:7.5]
	at org.testng.TestNG.runSuitesLocally(TestNG.java:1169) [testng-7.5.jar:7.5]
	at org.testng.TestNG.runSuites(TestNG.java:1092) [testng-7.5.jar:7.5]
	at org.testng.TestNG.run(TestNG.java:1060) [testng-7.5.jar:7.5]
	at com.intellij.rt.testng.IDEARemoteTestNG.run(IDEARemoteTestNG.java:66) [testng-rt.jar:?]
	at com.intellij.rt.testng.RemoteTestNGStarter.main(RemoteTestNGStarter.java:105) [testng-rt.jar:?]
2023-10-05 19:37:57 DEBUG   io.netty.util.internal.PlatformDependent0 - java.nio.Bits.unaligned: available, true
2023-10-05 19:37:57 DEBUG   io.netty.util.internal.PlatformDependent0 - jdk.internal.misc.Unsafe.allocateUninitializedArray(int): unavailable
java.lang.IllegalAccessException: class io.netty.util.internal.PlatformDependent0$7 cannot access class jdk.internal.misc.Unsafe (in module java.base) because module java.base does not export jdk.internal.misc to unnamed module @77b52d12
	at jdk.internal.reflect.Reflection.newIllegalAccessException(Reflection.java:394) ~[?:?]
	at java.lang.reflect.AccessibleObject.checkAccess(AccessibleObject.java:674) ~[?:?]
	at java.lang.reflect.Method.invoke(Method.java:568) ~[?:?]
	at io.netty.util.internal.PlatformDependent0$7.run(PlatformDependent0.java:410) ~[netty-common-4.1.92.Final.jar:4.1.92.Final]
	at java.security.AccessController.doPrivileged(AccessController.java:318) ~[?:?]
	at io.netty.util.internal.PlatformDependent0.<clinit>(PlatformDependent0.java:401) [netty-common-4.1.92.Final.jar:4.1.92.Final]
	at io.netty.util.internal.PlatformDependent.isAndroid(PlatformDependent.java:333) [netty-common-4.1.92.Final.jar:4.1.92.Final]
	at io.netty.util.internal.PlatformDependent.<clinit>(PlatformDependent.java:88) [netty-common-4.1.92.Final.jar:4.1.92.Final]
	at io.netty.util.HashedWheelTimer.<init>(HashedWheelTimer.java:114) [netty-common-4.1.92.Final.jar:4.1.92.Final]
	at io.netty.util.HashedWheelTimer.<init>(HashedWheelTimer.java:251) [netty-common-4.1.92.Final.jar:4.1.92.Final]
	at io.netty.util.HashedWheelTimer.<init>(HashedWheelTimer.java:224) [netty-common-4.1.92.Final.jar:4.1.92.Final]
	at io.netty.util.HashedWheelTimer.<init>(HashedWheelTimer.java:203) [netty-common-4.1.92.Final.jar:4.1.92.Final]
	at org.asynchttpclient.DefaultAsyncHttpClient.newNettyTimer(DefaultAsyncHttpClient.java:111) [async-http-client-2.12.3.jar:?]
	at org.asynchttpclient.DefaultAsyncHttpClient.<init>(DefaultAsyncHttpClient.java:90) [async-http-client-2.12.3.jar:?]
	at org.asynchttpclient.Dsl.asyncHttpClient(Dsl.java:32) [async-http-client-2.12.3.jar:?]
	at org.openqa.selenium.remote.http.netty.NettyClient.createHttpClient(NettyClient.java:91) [selenium-remote-driver-4.11.0.jar:?]
	at org.openqa.selenium.remote.http.netty.NettyClient.<clinit>(NettyClient.java:43) [selenium-remote-driver-4.11.0.jar:?]
	at org.openqa.selenium.remote.http.netty.NettyClient$Factory.createClient(NettyClient.java:124) [selenium-remote-driver-4.11.0.jar:?]
	at org.openqa.selenium.remote.HttpCommandExecutor.<init>(HttpCommandExecutor.java:115) [selenium-remote-driver-4.11.0.jar:?]
	at org.openqa.selenium.remote.HttpCommandExecutor.<init>(HttpCommandExecutor.java:92) [selenium-remote-driver-4.11.0.jar:?]
	at org.openqa.selenium.remote.service.DriverCommandExecutor.<init>(DriverCommandExecutor.java:89) [selenium-remote-driver-4.11.0.jar:?]
	at org.openqa.selenium.chromium.ChromiumDriverCommandExecutor.<init>(ChromiumDriverCommandExecutor.java:43) [selenium-chromium-driver-4.11.0.jar:?]
	at org.openqa.selenium.chrome.ChromeDriver$ChromeDriverCommandExecutor.<init>(ChromeDriver.java:115) [selenium-chrome-driver-4.11.0.jar:?]
	at org.openqa.selenium.chrome.ChromeDriver.generateExecutor(ChromeDriver.java:105) [selenium-chrome-driver-4.11.0.jar:?]
	at org.openqa.selenium.chrome.ChromeDriver.<init>(ChromeDriver.java:88) [selenium-chrome-driver-4.11.0.jar:?]
	at org.openqa.selenium.chrome.ChromeDriver.<init>(ChromeDriver.java:83) [selenium-chrome-driver-4.11.0.jar:?]
	at org.openqa.selenium.chrome.ChromeDriver.<init>(ChromeDriver.java:51) [selenium-chrome-driver-4.11.0.jar:?]
	at ua.hillel.InitDriver.setupDriver(InitDriver.java:19) [classes/:?]
	at jdk.internal.reflect.DirectMethodHandleAccessor.invoke(DirectMethodHandleAccessor.java:104) ~[?:?]
	at java.lang.reflect.Method.invoke(Method.java:577) ~[?:?]
	at org.testng.internal.invokers.MethodInvocationHelper.invokeMethod(MethodInvocationHelper.java:135) [testng-7.5.jar:7.5]
	at org.testng.internal.invokers.MethodInvocationHelper.invokeMethodConsideringTimeout(MethodInvocationHelper.java:65) [testng-7.5.jar:7.5]
	at org.testng.internal.invokers.ConfigInvoker.invokeConfigurationMethod(ConfigInvoker.java:381) [testng-7.5.jar:7.5]
	at org.testng.internal.invokers.ConfigInvoker.invokeConfigurations(ConfigInvoker.java:319) [testng-7.5.jar:7.5]
	at org.testng.TestRunner.invokeTestConfigurations(TestRunner.java:645) [testng-7.5.jar:7.5]
	at org.testng.TestRunner.beforeRun(TestRunner.java:634) [testng-7.5.jar:7.5]
	at org.testng.TestRunner.run(TestRunner.java:596) [testng-7.5.jar:7.5]
	at org.testng.SuiteRunner.runTest(SuiteRunner.java:429) [testng-7.5.jar:7.5]
	at org.testng.SuiteRunner.runSequentially(SuiteRunner.java:423) [testng-7.5.jar:7.5]
	at org.testng.SuiteRunner.privateRun(SuiteRunner.java:383) [testng-7.5.jar:7.5]
	at org.testng.SuiteRunner.run(SuiteRunner.java:326) [testng-7.5.jar:7.5]
	at org.testng.SuiteRunnerWorker.runSuite(SuiteRunnerWorker.java:52) [testng-7.5.jar:7.5]
	at org.testng.SuiteRunnerWorker.run(SuiteRunnerWorker.java:95) [testng-7.5.jar:7.5]
	at org.testng.TestNG.runSuitesSequentially(TestNG.java:1249) [testng-7.5.jar:7.5]
	at org.testng.TestNG.runSuitesLocally(TestNG.java:1169) [testng-7.5.jar:7.5]
	at org.testng.TestNG.runSuites(TestNG.java:1092) [testng-7.5.jar:7.5]
	at org.testng.TestNG.run(TestNG.java:1060) [testng-7.5.jar:7.5]
	at com.intellij.rt.testng.IDEARemoteTestNG.run(IDEARemoteTestNG.java:66) [testng-rt.jar:?]
	at com.intellij.rt.testng.RemoteTestNGStarter.main(RemoteTestNGStarter.java:105) [testng-rt.jar:?]
2023-10-05 19:37:57 DEBUG   io.netty.util.internal.PlatformDependent0 - java.nio.DirectByteBuffer.<init>(long, int): unavailable
2023-10-05 19:37:57 DEBUG   io.netty.util.internal.PlatformDependent - sun.misc.Unsafe: available
2023-10-05 19:37:57 DEBUG   io.netty.util.internal.PlatformDependent - maxDirectMemory: 4125097984 bytes (maybe)
2023-10-05 19:37:57 DEBUG   io.netty.util.internal.PlatformDependent - -Dio.netty.tmpdir: C:\Users\QA-DMY~1\AppData\Local\Temp (java.io.tmpdir)
2023-10-05 19:37:57 DEBUG   io.netty.util.internal.PlatformDependent - -Dio.netty.bitMode: 64 (sun.arch.data.model)
2023-10-05 19:37:57 DEBUG   io.netty.util.internal.PlatformDependent - Platform: Windows
2023-10-05 19:37:57 DEBUG   io.netty.util.internal.PlatformDependent - -Dio.netty.maxDirectMemory: -1 bytes
2023-10-05 19:37:57 DEBUG   io.netty.util.internal.PlatformDependent - -Dio.netty.uninitializedArrayAllocationThreshold: -1
2023-10-05 19:37:57 DEBUG   io.netty.util.internal.CleanerJava9 - java.nio.ByteBuffer.cleaner(): available
2023-10-05 19:37:57 DEBUG   io.netty.util.internal.PlatformDependent - -Dio.netty.noPreferDirect: false
2023-10-05 19:37:57 DEBUG   io.netty.util.internal.PlatformDependent - org.jctools-core.MpscChunkedArrayQueue: available
2023-10-05 19:37:57 DEBUG   io.netty.util.internal.InternalThreadLocalMap - -Dio.netty.threadLocalMap.stringBuilder.initialSize: 1024
2023-10-05 19:37:57 DEBUG   io.netty.util.internal.InternalThreadLocalMap - -Dio.netty.threadLocalMap.stringBuilder.maxSize: 4096
2023-10-05 19:37:57 DEBUG   io.netty.handler.ssl.JdkSslContext - Default protocols (JDK): [TLSv1.3, TLSv1.2] 
2023-10-05 19:37:57 DEBUG   io.netty.handler.ssl.JdkSslContext - Default cipher suites (JDK): [TLS_ECDHE_ECDSA_WITH_AES_256_GCM_SHA384, TLS_ECDHE_ECDSA_WITH_AES_128_GCM_SHA256, TLS_ECDHE_RSA_WITH_AES_128_GCM_SHA256, TLS_ECDHE_RSA_WITH_AES_256_GCM_SHA384, TLS_ECDHE_RSA_WITH_AES_128_CBC_SHA, TLS_ECDHE_RSA_WITH_AES_256_CBC_SHA, TLS_RSA_WITH_AES_128_GCM_SHA256, TLS_RSA_WITH_AES_128_CBC_SHA, TLS_RSA_WITH_AES_256_CBC_SHA, TLS_AES_128_GCM_SHA256, TLS_AES_256_GCM_SHA384]
2023-10-05 19:37:57 DEBUG   io.netty.util.concurrent.GlobalEventExecutor - -Dio.netty.globalEventExecutor.quietPeriodSeconds: 1
2023-10-05 19:37:57 DEBUG   io.netty.channel.MultithreadEventLoopGroup - -Dio.netty.eventLoopThreads: 12
2023-10-05 19:37:57 DEBUG   io.netty.channel.nio.NioEventLoop - -Dio.netty.noKeySetOptimization: false
2023-10-05 19:37:57 DEBUG   io.netty.channel.nio.NioEventLoop - -Dio.netty.selectorAutoRebuildThreshold: 512
2023-10-05 19:37:57 TRACE   io.netty.channel.nio.NioEventLoop - instrumented a special java.util.Set into: sun.nio.ch.WEPollSelectorImpl@3681037
2023-10-05 19:37:57 TRACE   io.netty.channel.nio.NioEventLoop - instrumented a special java.util.Set into: sun.nio.ch.WEPollSelectorImpl@33d53216
2023-10-05 19:37:57 TRACE   io.netty.channel.nio.NioEventLoop - instrumented a special java.util.Set into: sun.nio.ch.WEPollSelectorImpl@69a2b3b6
2023-10-05 19:37:57 TRACE   io.netty.channel.nio.NioEventLoop - instrumented a special java.util.Set into: sun.nio.ch.WEPollSelectorImpl@4f3e7344
2023-10-05 19:37:57 TRACE   io.netty.channel.nio.NioEventLoop - instrumented a special java.util.Set into: sun.nio.ch.WEPollSelectorImpl@7808f638
2023-10-05 19:37:57 TRACE   io.netty.channel.nio.NioEventLoop - instrumented a special java.util.Set into: sun.nio.ch.WEPollSelectorImpl@62d73ead
2023-10-05 19:37:57 TRACE   io.netty.channel.nio.NioEventLoop - instrumented a special java.util.Set into: sun.nio.ch.WEPollSelectorImpl@1e141e42
2023-10-05 19:37:57 TRACE   io.netty.channel.nio.NioEventLoop - instrumented a special java.util.Set into: sun.nio.ch.WEPollSelectorImpl@228cea97
2023-10-05 19:37:57 TRACE   io.netty.channel.nio.NioEventLoop - instrumented a special java.util.Set into: sun.nio.ch.WEPollSelectorImpl@1d0a61c8
2023-10-05 19:37:57 TRACE   io.netty.channel.nio.NioEventLoop - instrumented a special java.util.Set into: sun.nio.ch.WEPollSelectorImpl@46731692
2023-10-05 19:37:57 TRACE   io.netty.channel.nio.NioEventLoop - instrumented a special java.util.Set into: sun.nio.ch.WEPollSelectorImpl@782bf610
2023-10-05 19:37:57 TRACE   io.netty.channel.nio.NioEventLoop - instrumented a special java.util.Set into: sun.nio.ch.WEPollSelectorImpl@3db663d0
2023-10-05 19:37:57 DEBUG   io.netty.buffer.PooledByteBufAllocator - -Dio.netty.allocator.numHeapArenas: 12
2023-10-05 19:37:57 DEBUG   io.netty.buffer.PooledByteBufAllocator - -Dio.netty.allocator.numDirectArenas: 12
2023-10-05 19:37:57 DEBUG   io.netty.buffer.PooledByteBufAllocator - -Dio.netty.allocator.pageSize: 8192
2023-10-05 19:37:57 DEBUG   io.netty.buffer.PooledByteBufAllocator - -Dio.netty.allocator.maxOrder: 9
2023-10-05 19:37:57 DEBUG   io.netty.buffer.PooledByteBufAllocator - -Dio.netty.allocator.chunkSize: 4194304
2023-10-05 19:37:57 DEBUG   io.netty.buffer.PooledByteBufAllocator - -Dio.netty.allocator.smallCacheSize: 256
2023-10-05 19:37:57 DEBUG   io.netty.buffer.PooledByteBufAllocator - -Dio.netty.allocator.normalCacheSize: 64
2023-10-05 19:37:57 DEBUG   io.netty.buffer.PooledByteBufAllocator - -Dio.netty.allocator.maxCachedBufferCapacity: 32768
2023-10-05 19:37:57 DEBUG   io.netty.buffer.PooledByteBufAllocator - -Dio.netty.allocator.cacheTrimInterval: 8192
2023-10-05 19:37:57 DEBUG   io.netty.buffer.PooledByteBufAllocator - -Dio.netty.allocator.cacheTrimIntervalMillis: 0
2023-10-05 19:37:57 DEBUG   io.netty.buffer.PooledByteBufAllocator - -Dio.netty.allocator.useCacheForAllThreads: false
2023-10-05 19:37:57 DEBUG   io.netty.buffer.PooledByteBufAllocator - -Dio.netty.allocator.maxCachedByteBuffersPerChunk: 1023
2023-10-05 19:37:57 DEBUG   io.netty.buffer.ByteBufUtil - -Dio.netty.allocator.type: pooled
2023-10-05 19:37:57 DEBUG   io.netty.buffer.ByteBufUtil - -Dio.netty.threadLocalDirectBufferSize: 0
2023-10-05 19:37:57 DEBUG   io.netty.buffer.ByteBufUtil - -Dio.netty.maxThreadLocalCharBufferSize: 16384
2023-10-05 19:37:58 DEBUG   io.netty.channel.DefaultChannelId - -Dio.netty.processId: 13276 (auto-detected)
2023-10-05 19:37:58 DEBUG   io.netty.util.NetUtil - -Djava.net.preferIPv4Stack: false
2023-10-05 19:37:58 DEBUG   io.netty.util.NetUtil - -Djava.net.preferIPv6Addresses: false
2023-10-05 19:37:58 DEBUG   io.netty.util.NetUtilInitializations - Loopback interface: lo (Software Loopback Interface 1, 127.0.0.1)
2023-10-05 19:37:58 DEBUG   io.netty.util.NetUtil - Failed to get SOMAXCONN from sysctl and file \proc\sys\net\core\somaxconn. Default: 200
2023-10-05 19:37:58 DEBUG   io.netty.channel.DefaultChannelId - -Dio.netty.machineId: 00:e0:4c:ff:fe:36:41:26 (auto-detected)
2023-10-05 19:37:58 DEBUG   io.netty.buffer.AbstractByteBuf - -Dio.netty.buffer.checkAccessible: true
2023-10-05 19:37:58 DEBUG   io.netty.buffer.AbstractByteBuf - -Dio.netty.buffer.checkBounds: true
2023-10-05 19:37:58 DEBUG   io.netty.util.ResourceLeakDetectorFactory - Loaded default ResourceLeakDetector: io.netty.util.ResourceLeakDetector@448d1b8f
2023-10-05 19:37:58 DEBUG   io.netty.util.Recycler - -Dio.netty.recycler.maxCapacityPerThread: 4096
2023-10-05 19:37:58 DEBUG   io.netty.util.Recycler - -Dio.netty.recycler.ratio: 8
2023-10-05 19:37:58 DEBUG   io.netty.util.Recycler - -Dio.netty.recycler.chunkSize: 32
2023-10-05 19:37:58 DEBUG   io.netty.util.Recycler - -Dio.netty.recycler.blocking: false
2023-10-05 19:37:58 DEBUG   io.netty.util.Recycler - -Dio.netty.recycler.batchFastThreadLocalOnly: true
2023-10-05 19:37:59 DEBUG   io.netty.handler.codec.compression.Brotli - brotli4j not in the classpath; Brotli support will be unavailable.
2023-10-05 19:37:59 DEBUG   io.netty.util.internal.ThreadLocalRandom - -Dio.netty.initialSeedUniquifier: 0x39d5554723995008
